{"/home/travis/build/npmtest/node-npmtest-koa-generic-session/test.js":{"path":"/home/travis/build/npmtest/node-npmtest-koa-generic-session/test.js","s":{"1":2,"2":2,"3":2,"4":2,"5":2,"6":2,"7":2,"8":1,"9":2,"10":2,"11":1,"12":1,"13":1,"14":1,"15":2,"16":2,"17":2,"18":2,"19":1,"20":1,"21":2,"22":2,"23":2,"24":1,"25":1,"26":1,"27":1,"28":1,"29":1,"30":1,"31":1,"32":1,"33":1,"34":1,"35":1,"36":1,"37":1,"38":1,"39":2,"40":2,"41":1,"42":2,"43":2,"44":1,"45":2,"46":2,"47":1,"48":2,"49":2,"50":1,"51":1,"52":1,"53":1,"54":1},"b":{"1":[2,1,1,1],"2":[1,1,1,1],"3":[1,1],"4":[1,1],"5":[1,1],"6":[1,1],"7":[1,1],"8":[1,1],"9":[1,1],"10":[1,1,1],"11":[1,1],"12":[1,1],"13":[1,1],"14":[1,1],"15":[1,1],"16":[1,1],"17":[1,1]},"f":{"1":2,"2":2,"3":2,"4":2,"5":2,"6":1,"7":1,"8":1,"9":2,"10":2,"11":2,"12":2,"13":1},"fnMap":{"1":{"name":"(anonymous_1)","line":12,"loc":{"start":{"line":12,"column":1},"end":{"line":12,"column":13}}},"2":{"name":"(anonymous_2)","line":19,"loc":{"start":{"line":19,"column":5},"end":{"line":19,"column":17}}},"3":{"name":"(anonymous_3)","line":23,"loc":{"start":{"line":23,"column":24},"end":{"line":23,"column":36}}},"4":{"name":"(anonymous_4)","line":61,"loc":{"start":{"line":61,"column":5},"end":{"line":61,"column":17}}},"5":{"name":"(anonymous_5)","line":82,"loc":{"start":{"line":82,"column":5},"end":{"line":82,"column":17}}},"6":{"name":"(anonymous_6)","line":91,"loc":{"start":{"line":91,"column":77},"end":{"line":94,"column":10}}},"7":{"name":"(anonymous_7)","line":112,"loc":{"start":{"line":112,"column":83},"end":{"line":115,"column":10}},"skip":true},"8":{"name":"(anonymous_8)","line":123,"loc":{"start":{"line":123,"column":77},"end":{"line":126,"column":10}},"skip":true},"9":{"name":"(anonymous_9)","line":139,"loc":{"start":{"line":139,"column":12},"end":{"line":139,"column":40}},"skip":true},"10":{"name":"(anonymous_10)","line":147,"loc":{"start":{"line":147,"column":77},"end":{"line":150,"column":10}},"skip":true},"11":{"name":"(anonymous_11)","line":158,"loc":{"start":{"line":158,"column":83},"end":{"line":161,"column":10}},"skip":true},"12":{"name":"(anonymous_12)","line":169,"loc":{"start":{"line":169,"column":79},"end":{"line":172,"column":10}},"skip":true},"13":{"name":"(anonymous_13)","line":180,"loc":{"start":{"line":180,"column":75},"end":{"line":183,"column":10}},"skip":true}},"statementMap":{"1":{"start":{"line":12,"column":0},"end":{"line":195,"column":5}},"2":{"start":{"line":14,"column":4},"end":{"line":14,"column":14}},"3":{"start":{"line":19,"column":4},"end":{"line":56,"column":9}},"4":{"start":{"line":21,"column":8},"end":{"line":21,"column":19}},"5":{"start":{"line":23,"column":8},"end":{"line":35,"column":13}},"6":{"start":{"line":24,"column":12},"end":{"line":34,"column":13}},"7":{"start":{"line":25,"column":16},"end":{"line":28,"column":30}},"8":{"start":{"line":30,"column":16},"end":{"line":33,"column":27}},"9":{"start":{"line":37,"column":8},"end":{"line":39,"column":21}},"10":{"start":{"line":40,"column":8},"end":{"line":53,"column":9}},"11":{"start":{"line":43,"column":12},"end":{"line":46,"column":14}},"12":{"start":{"line":47,"column":12},"end":{"line":47,"column":18}},"13":{"start":{"line":50,"column":12},"end":{"line":51,"column":33}},"14":{"start":{"line":52,"column":12},"end":{"line":52,"column":18}},"15":{"start":{"line":55,"column":8},"end":{"line":55,"column":35}},"16":{"start":{"line":61,"column":4},"end":{"line":63,"column":9}},"17":{"start":{"line":62,"column":8},"end":{"line":62,"column":15}},"18":{"start":{"line":64,"column":4},"end":{"line":77,"column":5}},"19":{"start":{"line":70,"column":8},"end":{"line":70,"column":14}},"20":{"start":{"line":76,"column":8},"end":{"line":76,"column":14}},"21":{"start":{"line":82,"column":4},"end":{"line":84,"column":9}},"22":{"start":{"line":83,"column":8},"end":{"line":83,"column":15}},"23":{"start":{"line":85,"column":4},"end":{"line":194,"column":5}},"24":{"start":{"line":91,"column":8},"end":{"line":99,"column":10}},"25":{"start":{"line":98,"column":12},"end":{"line":98,"column":35}},"26":{"start":{"line":102,"column":8},"end":{"line":104,"column":63}},"27":{"start":{"line":105,"column":8},"end":{"line":105,"column":14}},"28":{"start":{"line":112,"column":8},"end":{"line":121,"column":10},"skip":true},"29":{"start":{"line":119,"column":12},"end":{"line":119,"column":55},"skip":true},"30":{"start":{"line":120,"column":12},"end":{"line":120,"column":48},"skip":true},"31":{"start":{"line":123,"column":8},"end":{"line":136,"column":10},"skip":true},"32":{"start":{"line":130,"column":12},"end":{"line":130,"column":76},"skip":true},"33":{"start":{"line":131,"column":12},"end":{"line":131,"column":73},"skip":true},"34":{"start":{"line":132,"column":12},"end":{"line":132,"column":74},"skip":true},"35":{"start":{"line":133,"column":12},"end":{"line":133,"column":79},"skip":true},"36":{"start":{"line":134,"column":12},"end":{"line":134,"column":25},"skip":true},"37":{"start":{"line":135,"column":12},"end":{"line":135,"column":45},"skip":true},"38":{"start":{"line":138,"column":8},"end":{"line":145,"column":14},"skip":true},"39":{"start":{"line":143,"column":16},"end":{"line":143,"column":29},"skip":true},"40":{"start":{"line":144,"column":16},"end":{"line":144,"column":55},"skip":true},"41":{"start":{"line":147,"column":8},"end":{"line":156,"column":10},"skip":true},"42":{"start":{"line":154,"column":12},"end":{"line":154,"column":25},"skip":true},"43":{"start":{"line":155,"column":12},"end":{"line":155,"column":45},"skip":true},"44":{"start":{"line":158,"column":8},"end":{"line":167,"column":10},"skip":true},"45":{"start":{"line":165,"column":12},"end":{"line":165,"column":25},"skip":true},"46":{"start":{"line":166,"column":12},"end":{"line":166,"column":48},"skip":true},"47":{"start":{"line":169,"column":8},"end":{"line":178,"column":10},"skip":true},"48":{"start":{"line":176,"column":12},"end":{"line":176,"column":25},"skip":true},"49":{"start":{"line":177,"column":12},"end":{"line":177,"column":46},"skip":true},"50":{"start":{"line":180,"column":8},"end":{"line":189,"column":10},"skip":true},"51":{"start":{"line":187,"column":12},"end":{"line":187,"column":94},"skip":true},"52":{"start":{"line":188,"column":12},"end":{"line":188,"column":48},"skip":true},"53":{"start":{"line":192,"column":8},"end":{"line":192,"column":35},"skip":true},"54":{"start":{"line":193,"column":8},"end":{"line":193,"column":14},"skip":true}},"branchMap":{"1":{"line":25,"type":"binary-expr","locations":[{"start":{"line":25,"column":23},"end":{"line":25,"column":62}},{"start":{"line":26,"column":20},"end":{"line":26,"column":70}},{"start":{"line":27,"column":20},"end":{"line":27,"column":71}},{"start":{"line":28,"column":20},"end":{"line":28,"column":29}}]},"2":{"line":30,"type":"binary-expr","locations":[{"start":{"line":30,"column":23},"end":{"line":30,"column":37}},{"start":{"line":31,"column":20},"end":{"line":31,"column":61}},{"start":{"line":32,"column":20},"end":{"line":32,"column":70}},{"start":{"line":33,"column":20},"end":{"line":33,"column":26}}]},"3":{"line":37,"type":"cond-expr","locations":[{"start":{"line":38,"column":14},"end":{"line":38,"column":20}},{"start":{"line":39,"column":14},"end":{"line":39,"column":20}}]},"4":{"line":40,"type":"switch","locations":[{"start":{"line":42,"column":8},"end":{"line":47,"column":18}},{"start":{"line":49,"column":8},"end":{"line":52,"column":18}}]},"5":{"line":44,"type":"binary-expr","locations":[{"start":{"line":44,"column":16},"end":{"line":44,"column":44}},{"start":{"line":44,"column":48},"end":{"line":44,"column":66}}]},"6":{"line":50,"type":"binary-expr","locations":[{"start":{"line":50,"column":21},"end":{"line":50,"column":49}},{"start":{"line":50,"column":53},"end":{"line":50,"column":72}}]},"7":{"line":64,"type":"switch","locations":[{"start":{"line":69,"column":4},"end":{"line":70,"column":14}},{"start":{"line":75,"column":4},"end":{"line":76,"column":14}}]},"8":{"line":85,"type":"switch","locations":[{"start":{"line":90,"column":4},"end":{"line":105,"column":14}},{"start":{"line":111,"column":4},"end":{"line":193,"column":14},"skip":true}]},"9":{"line":91,"type":"binary-expr","locations":[{"start":{"line":91,"column":42},"end":{"line":91,"column":73}},{"start":{"line":91,"column":77},"end":{"line":99,"column":9}}]},"10":{"line":102,"type":"binary-expr","locations":[{"start":{"line":102,"column":18},"end":{"line":102,"column":32}},{"start":{"line":103,"column":12},"end":{"line":103,"column":53}},{"start":{"line":104,"column":12},"end":{"line":104,"column":61}}]},"11":{"line":112,"type":"binary-expr","locations":[{"start":{"line":112,"column":45},"end":{"line":112,"column":79},"skip":true},{"start":{"line":112,"column":83},"end":{"line":121,"column":9},"skip":true}]},"12":{"line":123,"type":"binary-expr","locations":[{"start":{"line":123,"column":42},"end":{"line":123,"column":73},"skip":true},{"start":{"line":123,"column":77},"end":{"line":136,"column":9},"skip":true}]},"13":{"line":138,"type":"binary-expr","locations":[{"start":{"line":138,"column":48},"end":{"line":138,"column":85},"skip":true},{"start":{"line":139,"column":12},"end":{"line":145,"column":13},"skip":true}]},"14":{"line":147,"type":"binary-expr","locations":[{"start":{"line":147,"column":42},"end":{"line":147,"column":73},"skip":true},{"start":{"line":147,"column":77},"end":{"line":156,"column":9},"skip":true}]},"15":{"line":158,"type":"binary-expr","locations":[{"start":{"line":158,"column":45},"end":{"line":158,"column":79},"skip":true},{"start":{"line":158,"column":83},"end":{"line":167,"column":9},"skip":true}]},"16":{"line":169,"type":"binary-expr","locations":[{"start":{"line":169,"column":43},"end":{"line":169,"column":75},"skip":true},{"start":{"line":169,"column":79},"end":{"line":178,"column":9},"skip":true}]},"17":{"line":180,"type":"binary-expr","locations":[{"start":{"line":180,"column":41},"end":{"line":180,"column":71},"skip":true},{"start":{"line":180,"column":75},"end":{"line":189,"column":9},"skip":true}]}},"code":["/* istanbul instrument in package npmtest_koa_generic_session */","/*jslint","    bitwise: true,","    browser: true,","    maxerr: 8,","    maxlen: 96,","    node: true,","    nomen: true,","    regexp: true,","    stupid: true","*/","(function () {","    'use strict';","    var local;","","","","    // run shared js-env code - pre-init","    (function () {","        // init local","        local = {};","        // init modeJs","        local.modeJs = (function () {","            try {","                return typeof navigator.userAgent === 'string' &&","                    typeof document.querySelector('body') === 'object' &&","                    typeof XMLHttpRequest.prototype.open === 'function' &&","                    'browser';","            } catch (errorCaughtBrowser) {","                return module.exports &&","                    typeof process.versions.node === 'string' &&","                    typeof require('http').createServer === 'function' &&","                    'node';","            }","        }());","        // init global","        local.global = local.modeJs === 'browser'","            ? window","            : global;","        switch (local.modeJs) {","        // re-init local from window.local","        case 'browser':","            local = local.global.utility2.objectSetDefault(","                local.global.utility2_rollup || local.global.local,","                local.global.utility2","            );","            break;","        // re-init local from example.js","        case 'node':","            local = (local.global.utility2_rollup || require('utility2'))","                .requireReadme();","            break;","        }","        // export local","        local.global.local = local;","    }());","","","","    // run shared js-env code - function","    (function () {","        return;","    }());","    switch (local.modeJs) {","","","","    // run browser js-env code - function","    case 'browser':","        break;","","","","    // run node js-env code - function","    case 'node':","        break;","    }","","","","    // run shared js-env code - post-init","    (function () {","        return;","    }());","    switch (local.modeJs) {","","","","    // run browser js-env code - post-init","    case 'browser':","        local.testCase_browser_nullCase = local.testCase_browser_nullCase || function (","            options,","            onError","        ) {","        /*","         * this function will test browsers's null-case handling-behavior-behavior","         */","            onError(null, options);","        };","","        // run tests","        local.nop(local.modeTest &&","            document.querySelector('#testRunButton1') &&","            document.querySelector('#testRunButton1').click());","        break;","","","","    // run node js-env code - post-init","    /* istanbul ignore next */","    case 'node':","        local.testCase_buildApidoc_default = local.testCase_buildApidoc_default || function (","            options,","            onError","        ) {","        /*","         * this function will test buildApidoc's default handling-behavior-behavior","         */","            options = { modulePathList: module.paths };","            local.buildApidoc(options, onError);","        };","","        local.testCase_buildApp_default = local.testCase_buildApp_default || function (","            options,","            onError","        ) {","        /*","         * this function will test buildApp's default handling-behavior-behavior","         */","            local.testCase_buildReadme_default(options, local.onErrorThrow);","            local.testCase_buildLib_default(options, local.onErrorThrow);","            local.testCase_buildTest_default(options, local.onErrorThrow);","            local.testCase_buildCustomOrg_default(options, local.onErrorThrow);","            options = [];","            local.buildApp(options, onError);","        };","","        local.testCase_buildCustomOrg_default = local.testCase_buildCustomOrg_default ||","            function (options, onError) {","            /*","             * this function will test buildCustomOrg's default handling-behavior","             */","                options = {};","                local.buildCustomOrg(options, onError);","            };","","        local.testCase_buildLib_default = local.testCase_buildLib_default || function (","            options,","            onError","        ) {","        /*","         * this function will test buildLib's default handling-behavior","         */","            options = {};","            local.buildLib(options, onError);","        };","","        local.testCase_buildReadme_default = local.testCase_buildReadme_default || function (","            options,","            onError","        ) {","        /*","         * this function will test buildReadme's default handling-behavior-behavior","         */","            options = {};","            local.buildReadme(options, onError);","        };","","        local.testCase_buildTest_default = local.testCase_buildTest_default || function (","            options,","            onError","        ) {","        /*","         * this function will test buildTest's default handling-behavior","         */","            options = {};","            local.buildTest(options, onError);","        };","","        local.testCase_webpage_default = local.testCase_webpage_default || function (","            options,","            onError","        ) {","        /*","         * this function will test webpage's default handling-behavior","         */","            options = { modeCoverageMerge: true, url: local.serverLocalHost + '?modeTest=1' };","            local.browserTest(options, onError);","        };","","        // run test-server","        local.testRunServer(local);","        break;","    }","}());",""],"l":{"12":2,"14":2,"19":2,"21":2,"23":2,"24":2,"25":2,"30":1,"37":2,"40":2,"43":1,"47":1,"50":1,"52":1,"55":2,"61":2,"62":2,"64":2,"70":1,"76":1,"82":2,"83":2,"85":2,"91":1,"98":1,"102":1,"105":1,"112":1,"119":1,"120":1,"123":1,"130":1,"131":1,"132":1,"133":1,"134":1,"135":1,"138":1,"143":2,"144":2,"147":1,"154":2,"155":2,"158":1,"165":2,"166":2,"169":1,"176":2,"177":2,"180":1,"187":1,"188":1,"192":1,"193":1}},"/home/travis/build/npmtest/node-npmtest-koa-generic-session/lib.npmtest_koa_generic_session.js":{"path":"/home/travis/build/npmtest/node-npmtest-koa-generic-session/lib.npmtest_koa_generic_session.js","s":{"1":2,"2":2,"3":2,"4":2,"5":2,"6":2,"7":2,"8":1,"9":2,"10":2,"11":2,"12":2,"13":1,"14":1,"15":1,"16":1},"b":{"1":[2,1,1,1],"2":[1,1,1,1],"3":[1,1],"4":[2,2],"5":[1,1]},"f":{"1":2,"2":2,"3":2},"fnMap":{"1":{"name":"(anonymous_1)","line":12,"loc":{"start":{"line":12,"column":1},"end":{"line":12,"column":13}}},"2":{"name":"(anonymous_2)","line":19,"loc":{"start":{"line":19,"column":5},"end":{"line":19,"column":17}}},"3":{"name":"(anonymous_3)","line":23,"loc":{"start":{"line":23,"column":24},"end":{"line":23,"column":36}}}},"statementMap":{"1":{"start":{"line":12,"column":0},"end":{"line":53,"column":5}},"2":{"start":{"line":14,"column":4},"end":{"line":14,"column":14}},"3":{"start":{"line":19,"column":4},"end":{"line":52,"column":9}},"4":{"start":{"line":21,"column":8},"end":{"line":21,"column":19}},"5":{"start":{"line":23,"column":8},"end":{"line":35,"column":13}},"6":{"start":{"line":24,"column":12},"end":{"line":34,"column":13}},"7":{"start":{"line":25,"column":16},"end":{"line":28,"column":30}},"8":{"start":{"line":30,"column":16},"end":{"line":33,"column":27}},"9":{"start":{"line":37,"column":8},"end":{"line":39,"column":21}},"10":{"start":{"line":41,"column":8},"end":{"line":41,"column":54}},"11":{"start":{"line":43,"column":8},"end":{"line":43,"column":64}},"12":{"start":{"line":45,"column":8},"end":{"line":51,"column":9}},"13":{"start":{"line":46,"column":12},"end":{"line":46,"column":70}},"14":{"start":{"line":48,"column":12},"end":{"line":48,"column":35}},"15":{"start":{"line":49,"column":12},"end":{"line":49,"column":49}},"16":{"start":{"line":50,"column":12},"end":{"line":50,"column":43}}},"branchMap":{"1":{"line":25,"type":"binary-expr","locations":[{"start":{"line":25,"column":23},"end":{"line":25,"column":62}},{"start":{"line":26,"column":20},"end":{"line":26,"column":70}},{"start":{"line":27,"column":20},"end":{"line":27,"column":71}},{"start":{"line":28,"column":20},"end":{"line":28,"column":29}}]},"2":{"line":30,"type":"binary-expr","locations":[{"start":{"line":30,"column":23},"end":{"line":30,"column":37}},{"start":{"line":31,"column":20},"end":{"line":31,"column":61}},{"start":{"line":32,"column":20},"end":{"line":32,"column":70}},{"start":{"line":33,"column":20},"end":{"line":33,"column":26}}]},"3":{"line":37,"type":"cond-expr","locations":[{"start":{"line":38,"column":14},"end":{"line":38,"column":20}},{"start":{"line":39,"column":14},"end":{"line":39,"column":20}}]},"4":{"line":41,"type":"binary-expr","locations":[{"start":{"line":41,"column":16},"end":{"line":41,"column":44}},{"start":{"line":41,"column":48},"end":{"line":41,"column":53}}]},"5":{"line":45,"type":"if","locations":[{"start":{"line":45,"column":8},"end":{"line":45,"column":8}},{"start":{"line":45,"column":8},"end":{"line":45,"column":8}}]}},"code":["/* istanbul instrument in package npmtest_koa_generic_session */","/*jslint","    bitwise: true,","    browser: true,","    maxerr: 8,","    maxlen: 96,","    node: true,","    nomen: true,","    regexp: true,","    stupid: true","*/","(function () {","    'use strict';","    var local;","","","","    // run shared js-env code - pre-init","    (function () {","        // init local","        local = {};","        // init modeJs","        local.modeJs = (function () {","            try {","                return typeof navigator.userAgent === 'string' &&","                    typeof document.querySelector('body') === 'object' &&","                    typeof XMLHttpRequest.prototype.open === 'function' &&","                    'browser';","            } catch (errorCaughtBrowser) {","                return module.exports &&","                    typeof process.versions.node === 'string' &&","                    typeof require('http').createServer === 'function' &&","                    'node';","            }","        }());","        // init global","        local.global = local.modeJs === 'browser'","            ? window","            : global;","        // init utility2_rollup","        local = local.global.utility2_rollup || local;","        // init lib","        local.local = local.npmtest_koa_generic_session = local;","        // init exports","        if (local.modeJs === 'browser') {","            local.global.utility2_npmtest_koa_generic_session = local;","        } else {","            module.exports = local;","            module.exports.__dirname = __dirname;","            module.exports.module = module;","        }","    }());","}());",""],"l":{"12":2,"14":2,"19":2,"21":2,"23":2,"24":2,"25":2,"30":1,"37":2,"41":2,"43":2,"45":2,"46":1,"48":1,"49":1,"50":1}},"/home/travis/build/npmtest/node-npmtest-koa-generic-session/example.js":{"path":"/home/travis/build/npmtest/node-npmtest-koa-generic-session/example.js","s":{"1":2,"2":2,"3":2,"4":2,"5":2,"6":2,"7":2,"8":1,"9":2,"10":2,"11":2,"12":2,"13":1,"14":2,"15":2,"16":2,"17":2,"18":2,"19":0,"20":2,"21":1,"22":1,"23":1,"24":1,"25":1,"26":0,"27":0,"28":1,"29":1,"30":2,"31":0,"32":0,"33":0,"34":1,"35":2,"36":2,"37":3,"38":3,"39":3,"40":3,"41":0,"42":3,"43":3,"44":3,"45":1,"46":3,"47":1,"48":1,"49":1,"50":1,"51":1,"52":1,"53":1,"54":1,"55":1,"56":1,"57":0,"58":1,"59":6,"60":6,"61":1,"62":2,"63":0,"64":2,"65":1,"66":1,"67":0,"68":0,"69":0,"70":0,"71":0,"72":0,"73":0,"74":0,"75":0,"76":0,"77":0,"78":0,"79":0,"80":0,"81":0,"82":0,"83":0},"b":{"1":[2,1,1,1],"2":[1,1,1,1],"3":[1,1],"4":[2,2],"5":[1,1],"6":[1,1],"7":[2,0],"8":[2,1,1,1,1,1],"9":[0,2,0],"10":[1,1],"11":[2,1,1],"12":[1,0],"13":[0,2],"14":[2,0,0,0,0,0,0],"15":[0,3],"16":[3,0],"17":[1,1],"18":[0,1],"19":[1,2,0,2],"20":[1,0],"21":[1,1],"22":[0,0],"23":[0,0],"24":[0,0],"25":[0,0],"26":[0,0],"27":[0,0],"28":[0,0]},"f":{"1":2,"2":2,"3":2,"4":2,"5":2,"6":2,"7":3,"8":3,"9":3,"10":1,"11":6,"12":0},"fnMap":{"1":{"name":"(anonymous_1)","line":26,"loc":{"start":{"line":26,"column":1},"end":{"line":26,"column":13}}},"2":{"name":"(anonymous_2)","line":33,"loc":{"start":{"line":33,"column":5},"end":{"line":33,"column":17}}},"3":{"name":"(anonymous_3)","line":37,"loc":{"start":{"line":37,"column":24},"end":{"line":37,"column":36}}},"4":{"name":"(anonymous_4)","line":69,"loc":{"start":{"line":69,"column":31},"end":{"line":69,"column":48}},"skip":true},"5":{"name":"(anonymous_5)","line":78,"loc":{"start":{"line":78,"column":26},"end":{"line":78,"column":45}},"skip":true},"6":{"name":"(anonymous_6)","line":123,"loc":{"start":{"line":123,"column":33},"end":{"line":123,"column":48}},"skip":true},"7":{"name":"(anonymous_7)","line":125,"loc":{"start":{"line":125,"column":27},"end":{"line":125,"column":39}},"skip":true},"8":{"name":"(anonymous_8)","line":133,"loc":{"start":{"line":133,"column":59},"end":{"line":133,"column":74}},"skip":true},"9":{"name":"(anonymous_9)","line":143,"loc":{"start":{"line":143,"column":45},"end":{"line":143,"column":62}},"skip":true},"10":{"name":"(anonymous_10)","line":144,"loc":{"start":{"line":144,"column":73},"end":{"line":144,"column":92}},"skip":true},"11":{"name":"(anonymous_11)","line":272,"loc":{"start":{"line":272,"column":51},"end":{"line":272,"column":77}},"skip":true},"12":{"name":"(anonymous_12)","line":315,"loc":{"start":{"line":315,"column":32},"end":{"line":315,"column":61}},"skip":true}},"statementMap":{"1":{"start":{"line":26,"column":0},"end":{"line":326,"column":5}},"2":{"start":{"line":28,"column":4},"end":{"line":28,"column":14}},"3":{"start":{"line":33,"column":4},"end":{"line":60,"column":9}},"4":{"start":{"line":35,"column":8},"end":{"line":35,"column":19}},"5":{"start":{"line":37,"column":8},"end":{"line":49,"column":13}},"6":{"start":{"line":38,"column":12},"end":{"line":48,"column":13}},"7":{"start":{"line":39,"column":16},"end":{"line":42,"column":30}},"8":{"start":{"line":44,"column":16},"end":{"line":47,"column":27}},"9":{"start":{"line":51,"column":8},"end":{"line":53,"column":21}},"10":{"start":{"line":55,"column":8},"end":{"line":57,"column":45}},"11":{"start":{"line":59,"column":8},"end":{"line":59,"column":35}},"12":{"start":{"line":61,"column":4},"end":{"line":325,"column":5}},"13":{"start":{"line":69,"column":8},"end":{"line":121,"column":10},"skip":true},"14":{"start":{"line":70,"column":12},"end":{"line":88,"column":13},"skip":true},"15":{"start":{"line":76,"column":16},"end":{"line":87,"column":19},"skip":true},"16":{"start":{"line":79,"column":20},"end":{"line":86,"column":21},"skip":true},"17":{"start":{"line":82,"column":24},"end":{"line":82,"column":43},"skip":true},"18":{"start":{"line":83,"column":24},"end":{"line":83,"column":30},"skip":true},"19":{"start":{"line":85,"column":24},"end":{"line":85,"column":49},"skip":true},"20":{"start":{"line":89,"column":12},"end":{"line":107,"column":13},"skip":true},"21":{"start":{"line":92,"column":16},"end":{"line":102,"column":17},"skip":true},"22":{"start":{"line":93,"column":20},"end":{"line":93,"column":86},"skip":true},"23":{"start":{"line":94,"column":20},"end":{"line":95,"column":45},"skip":true},"24":{"start":{"line":96,"column":20},"end":{"line":96,"column":42},"skip":true},"25":{"start":{"line":97,"column":20},"end":{"line":97,"column":48},"skip":true},"26":{"start":{"line":100,"column":20},"end":{"line":100,"column":85},"skip":true},"27":{"start":{"line":101,"column":20},"end":{"line":101,"column":96},"skip":true},"28":{"start":{"line":103,"column":16},"end":{"line":103,"column":22},"skip":true},"29":{"start":{"line":106,"column":16},"end":{"line":106,"column":22},"skip":true},"30":{"start":{"line":108,"column":12},"end":{"line":120,"column":13},"skip":true},"31":{"start":{"line":114,"column":16},"end":{"line":119,"column":17},"skip":true},"32":{"start":{"line":116,"column":20},"end":{"line":116,"column":78},"skip":true},"33":{"start":{"line":118,"column":20},"end":{"line":118,"column":47},"skip":true},"34":{"start":{"line":123,"column":8},"end":{"line":141,"column":11},"skip":true},"35":{"start":{"line":124,"column":12},"end":{"line":124,"column":54},"skip":true},"36":{"start":{"line":125,"column":12},"end":{"line":140,"column":14},"skip":true},"37":{"start":{"line":126,"column":16},"end":{"line":126,"column":28},"skip":true},"38":{"start":{"line":127,"column":16},"end":{"line":127,"column":69},"skip":true},"39":{"start":{"line":128,"column":16},"end":{"line":128,"column":75},"skip":true},"40":{"start":{"line":129,"column":16},"end":{"line":131,"column":17},"skip":true},"41":{"start":{"line":130,"column":20},"end":{"line":130,"column":27},"skip":true},"42":{"start":{"line":133,"column":16},"end":{"line":137,"column":36},"skip":true},"43":{"start":{"line":134,"column":20},"end":{"line":136,"column":55},"skip":true},"44":{"start":{"line":139,"column":16},"end":{"line":139,"column":57},"skip":true},"45":{"start":{"line":143,"column":8},"end":{"line":147,"column":11},"skip":true},"46":{"start":{"line":144,"column":12},"end":{"line":146,"column":15},"skip":true},"47":{"start":{"line":145,"column":16},"end":{"line":145,"column":70},"skip":true},"48":{"start":{"line":149,"column":8},"end":{"line":149,"column":31},"skip":true},"49":{"start":{"line":150,"column":8},"end":{"line":150,"column":14},"skip":true},"50":{"start":{"line":158,"column":8},"end":{"line":158,"column":31},"skip":true},"51":{"start":{"line":160,"column":8},"end":{"line":160,"column":33},"skip":true},"52":{"start":{"line":161,"column":8},"end":{"line":161,"column":37},"skip":true},"53":{"start":{"line":162,"column":8},"end":{"line":162,"column":35},"skip":true},"54":{"start":{"line":164,"column":8},"end":{"line":164,"column":50},"skip":true},"55":{"start":{"line":166,"column":8},"end":{"line":256,"column":2},"skip":true},"56":{"start":{"line":258,"column":8},"end":{"line":286,"column":9},"skip":true},"57":{"start":{"line":259,"column":12},"end":{"line":269,"column":14},"skip":true},"58":{"start":{"line":271,"column":12},"end":{"line":285,"column":19},"skip":true},"59":{"start":{"line":274,"column":20},"end":{"line":274,"column":35},"skip":true},"60":{"start":{"line":275,"column":20},"end":{"line":284,"column":21},"skip":true},"61":{"start":{"line":277,"column":24},"end":{"line":277,"column":64},"skip":true},"62":{"start":{"line":279,"column":24},"end":{"line":279,"column":40},"skip":true},"63":{"start":{"line":281,"column":24},"end":{"line":281,"column":40},"skip":true},"64":{"start":{"line":283,"column":24},"end":{"line":283,"column":39},"skip":true},"65":{"start":{"line":288,"column":8},"end":{"line":290,"column":9},"skip":true},"66":{"start":{"line":289,"column":12},"end":{"line":289,"column":18},"skip":true},"67":{"start":{"line":291,"column":8},"end":{"line":293,"column":54},"skip":true},"68":{"start":{"line":296,"column":8},"end":{"line":301,"column":37},"skip":true},"69":{"start":{"line":303,"column":8},"end":{"line":303,"column":82},"skip":true},"70":{"start":{"line":306,"column":8},"end":{"line":308,"column":9},"skip":true},"71":{"start":{"line":307,"column":12},"end":{"line":307,"column":82},"skip":true},"72":{"start":{"line":310,"column":8},"end":{"line":312,"column":9},"skip":true},"73":{"start":{"line":311,"column":12},"end":{"line":311,"column":18},"skip":true},"74":{"start":{"line":313,"column":8},"end":{"line":313,"column":54},"skip":true},"75":{"start":{"line":314,"column":8},"end":{"line":314,"column":69},"skip":true},"76":{"start":{"line":315,"column":8},"end":{"line":323,"column":36},"skip":true},"77":{"start":{"line":316,"column":12},"end":{"line":316,"column":61},"skip":true},"78":{"start":{"line":317,"column":12},"end":{"line":320,"column":13},"skip":true},"79":{"start":{"line":318,"column":16},"end":{"line":318,"column":75},"skip":true},"80":{"start":{"line":319,"column":16},"end":{"line":319,"column":23},"skip":true},"81":{"start":{"line":321,"column":12},"end":{"line":321,"column":38},"skip":true},"82":{"start":{"line":322,"column":12},"end":{"line":322,"column":27},"skip":true},"83":{"start":{"line":324,"column":8},"end":{"line":324,"column":14},"skip":true}},"branchMap":{"1":{"line":39,"type":"binary-expr","locations":[{"start":{"line":39,"column":23},"end":{"line":39,"column":62}},{"start":{"line":40,"column":20},"end":{"line":40,"column":70}},{"start":{"line":41,"column":20},"end":{"line":41,"column":71}},{"start":{"line":42,"column":20},"end":{"line":42,"column":29}}]},"2":{"line":44,"type":"binary-expr","locations":[{"start":{"line":44,"column":23},"end":{"line":44,"column":37}},{"start":{"line":45,"column":20},"end":{"line":45,"column":61}},{"start":{"line":46,"column":20},"end":{"line":46,"column":70}},{"start":{"line":47,"column":20},"end":{"line":47,"column":26}}]},"3":{"line":51,"type":"cond-expr","locations":[{"start":{"line":52,"column":14},"end":{"line":52,"column":20}},{"start":{"line":53,"column":14},"end":{"line":53,"column":20}}]},"4":{"line":55,"type":"binary-expr","locations":[{"start":{"line":55,"column":16},"end":{"line":55,"column":44}},{"start":{"line":55,"column":49},"end":{"line":57,"column":43}}]},"5":{"line":55,"type":"cond-expr","locations":[{"start":{"line":56,"column":14},"end":{"line":56,"column":63}},{"start":{"line":57,"column":14},"end":{"line":57,"column":43}}]},"6":{"line":61,"type":"switch","locations":[{"start":{"line":68,"column":4},"end":{"line":150,"column":14},"skip":true},{"start":{"line":156,"column":4},"end":{"line":324,"column":14},"skip":true}]},"7":{"line":70,"type":"if","locations":[{"start":{"line":70,"column":12},"end":{"line":70,"column":12},"skip":true},{"start":{"line":70,"column":12},"end":{"line":70,"column":12},"skip":true}]},"8":{"line":70,"type":"binary-expr","locations":[{"start":{"line":70,"column":16},"end":{"line":70,"column":22},"skip":true},{"start":{"line":70,"column":27},"end":{"line":70,"column":32},"skip":true},{"start":{"line":71,"column":20},"end":{"line":71,"column":39},"skip":true},{"start":{"line":72,"column":20},"end":{"line":72,"column":49},"skip":true},{"start":{"line":73,"column":20},"end":{"line":73,"column":58},"skip":true},{"start":{"line":74,"column":20},"end":{"line":74,"column":69},"skip":true}]},"9":{"line":79,"type":"switch","locations":[{"start":{"line":80,"column":20},"end":{"line":80,"column":33},"skip":true},{"start":{"line":81,"column":20},"end":{"line":83,"column":30},"skip":true},{"start":{"line":84,"column":20},"end":{"line":85,"column":49},"skip":true}]},"10":{"line":89,"type":"switch","locations":[{"start":{"line":90,"column":12},"end":{"line":103,"column":22},"skip":true},{"start":{"line":105,"column":12},"end":{"line":106,"column":22},"skip":true}]},"11":{"line":89,"type":"binary-expr","locations":[{"start":{"line":89,"column":20},"end":{"line":89,"column":25},"skip":true},{"start":{"line":89,"column":29},"end":{"line":89,"column":48},"skip":true},{"start":{"line":89,"column":52},"end":{"line":89,"column":74},"skip":true}]},"12":{"line":92,"type":"if","locations":[{"start":{"line":92,"column":16},"end":{"line":92,"column":16},"skip":true},{"start":{"line":92,"column":16},"end":{"line":92,"column":16},"skip":true}]},"13":{"line":108,"type":"if","locations":[{"start":{"line":108,"column":12},"end":{"line":108,"column":12},"skip":true},{"start":{"line":108,"column":12},"end":{"line":108,"column":12},"skip":true}]},"14":{"line":108,"type":"binary-expr","locations":[{"start":{"line":108,"column":16},"end":{"line":108,"column":61},"skip":true},{"start":{"line":108,"column":66},"end":{"line":108,"column":72},"skip":true},{"start":{"line":108,"column":77},"end":{"line":108,"column":82},"skip":true},{"start":{"line":109,"column":20},"end":{"line":109,"column":39},"skip":true},{"start":{"line":110,"column":20},"end":{"line":110,"column":49},"skip":true},{"start":{"line":111,"column":20},"end":{"line":111,"column":58},"skip":true},{"start":{"line":112,"column":20},"end":{"line":112,"column":68},"skip":true}]},"15":{"line":129,"type":"if","locations":[{"start":{"line":129,"column":16},"end":{"line":129,"column":16},"skip":true},{"start":{"line":129,"column":16},"end":{"line":129,"column":16},"skip":true}]},"16":{"line":134,"type":"cond-expr","locations":[{"start":{"line":135,"column":26},"end":{"line":135,"column":29},"skip":true},{"start":{"line":136,"column":26},"end":{"line":136,"column":54},"skip":true}]},"17":{"line":164,"type":"binary-expr","locations":[{"start":{"line":164,"column":27},"end":{"line":164,"column":43},"skip":true},{"start":{"line":164,"column":47},"end":{"line":164,"column":49},"skip":true}]},"18":{"line":258,"type":"if","locations":[{"start":{"line":258,"column":8},"end":{"line":258,"column":8},"skip":true},{"start":{"line":258,"column":8},"end":{"line":258,"column":8},"skip":true}]},"19":{"line":275,"type":"switch","locations":[{"start":{"line":276,"column":20},"end":{"line":277,"column":64},"skip":true},{"start":{"line":278,"column":20},"end":{"line":279,"column":40},"skip":true},{"start":{"line":280,"column":20},"end":{"line":281,"column":40},"skip":true},{"start":{"line":282,"column":20},"end":{"line":283,"column":39},"skip":true}]},"20":{"line":288,"type":"if","locations":[{"start":{"line":288,"column":8},"end":{"line":288,"column":8},"skip":true},{"start":{"line":288,"column":8},"end":{"line":288,"column":8},"skip":true}]},"21":{"line":288,"type":"binary-expr","locations":[{"start":{"line":288,"column":12},"end":{"line":288,"column":40},"skip":true},{"start":{"line":288,"column":44},"end":{"line":288,"column":67},"skip":true}]},"22":{"line":292,"type":"binary-expr","locations":[{"start":{"line":292,"column":12},"end":{"line":292,"column":50},"skip":true},{"start":{"line":293,"column":12},"end":{"line":293,"column":53},"skip":true}]},"23":{"line":297,"type":"binary-expr","locations":[{"start":{"line":297,"column":12},"end":{"line":297,"column":77},"skip":true},{"start":{"line":298,"column":12},"end":{"line":301,"column":36},"skip":true}]},"24":{"line":303,"type":"binary-expr","locations":[{"start":{"line":303,"column":43},"end":{"line":303,"column":75},"skip":true},{"start":{"line":303,"column":79},"end":{"line":303,"column":81},"skip":true}]},"25":{"line":306,"type":"if","locations":[{"start":{"line":306,"column":8},"end":{"line":306,"column":8},"skip":true},{"start":{"line":306,"column":8},"end":{"line":306,"column":8},"skip":true}]},"26":{"line":310,"type":"if","locations":[{"start":{"line":310,"column":8},"end":{"line":310,"column":8},"skip":true},{"start":{"line":310,"column":8},"end":{"line":310,"column":8},"skip":true}]},"27":{"line":313,"type":"binary-expr","locations":[{"start":{"line":313,"column":27},"end":{"line":313,"column":43},"skip":true},{"start":{"line":313,"column":47},"end":{"line":313,"column":53},"skip":true}]},"28":{"line":317,"type":"if","locations":[{"start":{"line":317,"column":12},"end":{"line":317,"column":12},"skip":true},{"start":{"line":317,"column":12},"end":{"line":317,"column":12},"skip":true}]}},"code":["/*","example.js","","quickstart example","","instruction","    1. save this script as example.js","    2. run the shell command:","        $ npm install npmtest-koa-generic-session && PORT=8081 node example.js","    3. play with the browser-demo on http://127.0.0.1:8081","*/","","","","/* istanbul instrument in package npmtest_koa_generic_session */","/*jslint","    bitwise: true,","    browser: true,","    maxerr: 8,","    maxlen: 96,","    node: true,","    nomen: true,","    regexp: true,","    stupid: true","*/","(function () {","    'use strict';","    var local;","","","","    // run shared js-env code - pre-init","    (function () {","        // init local","        local = {};","        // init modeJs","        local.modeJs = (function () {","            try {","                return typeof navigator.userAgent === 'string' &&","                    typeof document.querySelector('body') === 'object' &&","                    typeof XMLHttpRequest.prototype.open === 'function' &&","                    'browser';","            } catch (errorCaughtBrowser) {","                return module.exports &&","                    typeof process.versions.node === 'string' &&","                    typeof require('http').createServer === 'function' &&","                    'node';","            }","        }());","        // init global","        local.global = local.modeJs === 'browser'","            ? window","            : global;","        // init utility2_rollup","        local = local.global.utility2_rollup || (local.modeJs === 'browser'","            ? local.global.utility2_npmtest_koa_generic_session","            : global.utility2_moduleExports);","        // export local","        local.global.local = local;","    }());","    switch (local.modeJs) {","","","","    // post-init","    // run browser js-env code - post-init","    /* istanbul ignore next */","    case 'browser':","        local.testRunBrowser = function (event) {","            if (!event || (event &&","                    event.currentTarget &&","                    event.currentTarget.className &&","                    event.currentTarget.className.includes &&","                    event.currentTarget.className.includes('onreset'))) {","                // reset output","                Array.from(","                    document.querySelectorAll('body > .resettable')","                ).forEach(function (element) {","                    switch (element.tagName) {","                    case 'INPUT':","                    case 'TEXTAREA':","                        element.value = '';","                        break;","                    default:","                        element.textContent = '';","                    }","                });","            }","            switch (event && event.currentTarget && event.currentTarget.id) {","            case 'testRunButton1':","                // show tests","                if (document.querySelector('#testReportDiv1').style.display === 'none') {","                    document.querySelector('#testReportDiv1').style.display = 'block';","                    document.querySelector('#testRunButton1').textContent =","                        'hide internal test';","                    local.modeTest = true;","                    local.testRunDefault(local);","                // hide tests","                } else {","                    document.querySelector('#testReportDiv1').style.display = 'none';","                    document.querySelector('#testRunButton1').textContent = 'run internal test';","                }","                break;","            // custom-case","            default:","                break;","            }","            if (document.querySelector('#inputTextareaEval1') && (!event || (event &&","                    event.currentTarget &&","                    event.currentTarget.className &&","                    event.currentTarget.className.includes &&","                    event.currentTarget.className.includes('oneval')))) {","                // try to eval input-code","                try {","                    /*jslint evil: true*/","                    eval(document.querySelector('#inputTextareaEval1').value);","                } catch (errorCaught) {","                    console.error(errorCaught);","                }","            }","        };","        // log stderr and stdout to #outputTextareaStdout1","        ['error', 'log'].forEach(function (key) {","            console[key + '_original'] = console[key];","            console[key] = function () {","                var element;","                console[key + '_original'].apply(console, arguments);","                element = document.querySelector('#outputTextareaStdout1');","                if (!element) {","                    return;","                }","                // append text to #outputTextareaStdout1","                element.value += Array.from(arguments).map(function (arg) {","                    return typeof arg === 'string'","                        ? arg","                        : JSON.stringify(arg, null, 4);","                }).join(' ') + '\\n';","                // scroll textarea to bottom","                element.scrollTop = element.scrollHeight;","            };","        });","        // init event-handling","        ['change', 'click', 'keyup'].forEach(function (event) {","            Array.from(document.querySelectorAll('.on' + event)).forEach(function (element) {","                element.addEventListener(event, local.testRunBrowser);","            });","        });","        // run tests","        local.testRunBrowser();","        break;","","","","    // run node js-env code - post-init","    /* istanbul ignore next */","    case 'node':","        // export local","        module.exports = local;","        // require modules","        local.fs = require('fs');","        local.http = require('http');","        local.url = require('url');","        // init assets","        local.assetsDict = local.assetsDict || {};","        /* jslint-ignore-begin */","        local.assetsDict['/assets.index.template.html'] = '\\","<!doctype html>\\n\\","<html lang=\"en\">\\n\\","<head>\\n\\","<meta charset=\"UTF-8\">\\n\\","<meta name=\"viewport\" content=\"width=device-width, initial-scale=1\">\\n\\","<title>{{env.npm_package_name}} (v{{env.npm_package_version}})</title>\\n\\","<style>\\n\\","/*csslint\\n\\","    box-sizing: false,\\n\\","    universal-selector: false\\n\\","*/\\n\\","* {\\n\\","    box-sizing: border-box;\\n\\","}\\n\\","body {\\n\\","    background: #dde;\\n\\","    font-family: Arial, Helvetica, sans-serif;\\n\\","    margin: 2rem;\\n\\","}\\n\\","body > * {\\n\\","    margin-bottom: 1rem;\\n\\","}\\n\\",".utility2FooterDiv {\\n\\","    margin-top: 20px;\\n\\","    text-align: center;\\n\\","}\\n\\","</style>\\n\\","<style>\\n\\","/*csslint\\n\\","*/\\n\\","textarea {\\n\\","    font-family: monospace;\\n\\","    height: 10rem;\\n\\","    width: 100%;\\n\\","}\\n\\","textarea[readonly] {\\n\\","    background: #ddd;\\n\\","}\\n\\","</style>\\n\\","</head>\\n\\","<body>\\n\\","<!-- utility2-comment\\n\\","<div id=\"ajaxProgressDiv1\" style=\"background: #d00; height: 2px; left: 0; margin: 0; padding: 0; position: fixed; top: 0; transition: background 0.5s, width 1.5s; width: 25%;\"></div>\\n\\","utility2-comment -->\\n\\","<h1>\\n\\","<!-- utility2-comment\\n\\","    <a\\n\\","        {{#if env.npm_package_homepage}}\\n\\","        href=\"{{env.npm_package_homepage}}\"\\n\\","        {{/if env.npm_package_homepage}}\\n\\","        target=\"_blank\"\\n\\","    >\\n\\","utility2-comment -->\\n\\","        {{env.npm_package_name}} (v{{env.npm_package_version}})\\n\\","<!-- utility2-comment\\n\\","    </a>\\n\\","utility2-comment -->\\n\\","</h1>\\n\\","<h3>{{env.npm_package_description}}</h3>\\n\\","<!-- utility2-comment\\n\\","<h4><a download href=\"assets.app.js\">download standalone app</a></h4>\\n\\","<button class=\"onclick onreset\" id=\"testRunButton1\">run internal test</button><br>\\n\\","<div id=\"testReportDiv1\" style=\"display: none;\"></div>\\n\\","utility2-comment -->\\n\\","\\n\\","\\n\\","\\n\\","<label>stderr and stdout</label>\\n\\","<textarea class=\"resettable\" id=\"outputTextareaStdout1\" readonly></textarea>\\n\\","<!-- utility2-comment\\n\\","{{#if isRollup}}\\n\\","<script src=\"assets.app.js\"></script>\\n\\","{{#unless isRollup}}\\n\\","utility2-comment -->\\n\\","<script src=\"assets.utility2.rollup.js\"></script>\\n\\","<script src=\"jsonp.utility2._stateInit?callback=window.utility2._stateInit\"></script>\\n\\","<script src=\"assets.npmtest_koa_generic_session.rollup.js\"></script>\\n\\","<script src=\"assets.example.js\"></script>\\n\\","<script src=\"assets.test.js\"></script>\\n\\","<!-- utility2-comment\\n\\","{{/if isRollup}}\\n\\","utility2-comment -->\\n\\","<div class=\"utility2FooterDiv\">\\n\\","    [ this app was created with\\n\\","    <a href=\"https://github.com/kaizhu256/node-utility2\" target=\"_blank\">utility2</a>\\n\\","    ]\\n\\","</div>\\n\\","</body>\\n\\","</html>\\n\\","';","        /* jslint-ignore-end */","        if (local.templateRender) {","            local.assetsDict['/'] = local.templateRender(","                local.assetsDict['/assets.index.template.html'],","                {","                    env: local.objectSetDefault(local.env, {","                        npm_package_description: 'the greatest app in the world!',","                        npm_package_name: 'my-app',","                        npm_package_nameAlias: 'my_app',","                        npm_package_version: '0.0.1'","                    })","                }","            );","        } else {","            local.assetsDict['/'] = local.assetsDict['/assets.index.template.html']","                .replace((/\\{\\{env\\.(\\w+?)\\}\\}/g), function (match0, match1) {","                    // jslint-hack","                    String(match0);","                    switch (match1) {","                    case 'npm_package_description':","                        return 'the greatest app in the world!';","                    case 'npm_package_name':","                        return 'my-app';","                    case 'npm_package_nameAlias':","                        return 'my_app';","                    case 'npm_package_version':","                        return '0.0.1';","                    }","                });","        }","        // run the cli","        if (local.global.utility2_rollup || module !== require.main) {","            break;","        }","        local.assetsDict['/assets.example.js'] =","            local.assetsDict['/assets.example.js'] ||","            local.fs.readFileSync(__filename, 'utf8');","        // bug-workaround - long $npm_package_buildCustomOrg","        /* jslint-ignore-begin */","        local.assetsDict['/assets.npmtest_koa_generic_session.rollup.js'] =","            local.assetsDict['/assets.npmtest_koa_generic_session.rollup.js'] ||","            local.fs.readFileSync(","                local.npmtest_koa_generic_session.__dirname + '/lib.npmtest_koa_generic_session.js',","                'utf8'","            ).replace((/^#!/), '//');","        /* jslint-ignore-end */","        local.assetsDict['/favicon.ico'] = local.assetsDict['/favicon.ico'] || '';","        // if $npm_config_timeout_exit exists,","        // then exit this process after $npm_config_timeout_exit ms","        if (Number(process.env.npm_config_timeout_exit)) {","            setTimeout(process.exit, Number(process.env.npm_config_timeout_exit));","        }","        // start server","        if (local.global.utility2_serverHttp1) {","            break;","        }","        process.env.PORT = process.env.PORT || '8081';","        console.error('server starting on port ' + process.env.PORT);","        local.http.createServer(function (request, response) {","            request.urlParsed = local.url.parse(request.url);","            if (local.assetsDict[request.urlParsed.pathname] !== undefined) {","                response.end(local.assetsDict[request.urlParsed.pathname]);","                return;","            }","            response.statusCode = 404;","            response.end();","        }).listen(process.env.PORT);","        break;","    }","}());",""],"l":{"26":2,"28":2,"33":2,"35":2,"37":2,"38":2,"39":2,"44":1,"51":2,"55":2,"59":2,"61":2,"69":1,"70":2,"76":2,"79":2,"82":2,"83":2,"85":1,"89":2,"92":1,"93":1,"94":1,"96":1,"97":1,"100":1,"101":1,"103":1,"106":1,"108":2,"114":1,"116":1,"118":1,"123":1,"124":2,"125":2,"126":3,"127":3,"128":3,"129":3,"130":1,"133":3,"134":3,"139":3,"143":1,"144":3,"145":1,"149":1,"150":1,"158":1,"160":1,"161":1,"162":1,"164":1,"166":1,"258":1,"259":1,"271":1,"274":6,"275":6,"277":1,"279":2,"281":1,"283":2,"288":1,"289":1,"291":1,"296":1,"303":1,"306":1,"307":1,"310":1,"311":1,"313":1,"314":1,"315":1,"316":1,"317":1,"318":1,"319":1,"321":1,"322":1,"324":1}},"/home/travis/build/npmtest/node-npmtest-koa-generic-session/node_modules/koa-generic-session/index.js":{"path":"/home/travis/build/npmtest/node-npmtest-koa-generic-session/node_modules/koa-generic-session/index.js","s":{"1":1},"b":{},"f":{},"fnMap":{},"statementMap":{"1":{"start":{"line":2,"column":0},"end":{"line":2,"column":42}}},"branchMap":{},"code":["","module.exports = require('./lib/session');",""],"l":{"2":1}},"/home/travis/build/npmtest/node-npmtest-koa-generic-session/node_modules/koa-generic-session/lib/session.js":{"path":"/home/travis/build/npmtest/node-npmtest-koa-generic-session/node_modules/koa-generic-session/lib/session.js","s":{"1":1,"2":1,"3":1,"4":1,"5":1,"6":1,"7":1,"8":1,"9":1,"10":1,"11":0,"12":0,"13":0,"14":0,"15":0,"16":0,"17":0,"18":0,"19":0,"20":0,"21":0,"22":0,"23":0,"24":0,"25":0,"26":0,"27":0,"28":0,"29":0,"30":0,"31":0,"32":0,"33":0,"34":0,"35":0,"36":0,"37":0,"38":0,"39":0,"40":0,"41":0,"42":0,"43":0,"44":0,"45":1,"46":0,"47":0,"48":0,"49":0,"50":0,"51":1,"52":0,"53":0,"54":0,"55":0,"56":0,"57":0,"58":1,"59":0,"60":0,"61":0,"62":0,"63":0,"64":0,"65":0,"66":0,"67":1,"68":0,"69":0,"70":0,"71":0,"72":0,"73":0,"74":0,"75":0,"76":0,"77":0,"78":0,"79":0,"80":0,"81":0,"82":0,"83":0,"84":0,"85":0,"86":0,"87":0,"88":0,"89":0,"90":0,"91":0,"92":0,"93":0,"94":0,"95":0,"96":0,"97":0,"98":0,"99":0,"100":1,"101":0,"102":0,"103":0,"104":0,"105":0,"106":0,"107":0,"108":0,"109":0,"110":0,"111":0,"112":0,"113":0,"114":0,"115":0,"116":0,"117":0,"118":0,"119":1,"120":0,"121":0,"122":0,"123":0,"124":0,"125":0,"126":0,"127":0,"128":1,"129":0,"130":0,"131":0,"132":0,"133":0,"134":0,"135":0,"136":0,"137":0,"138":0,"139":0,"140":0,"141":0,"142":0,"143":0,"144":0,"145":0,"146":0,"147":0,"148":0,"149":0,"150":0,"151":0,"152":0,"153":0,"154":0,"155":0,"156":0,"157":0,"158":0,"159":0,"160":0,"161":0,"162":0,"163":0,"164":1,"165":0,"166":0,"167":0,"168":0,"169":0,"170":0,"171":0,"172":0,"173":0,"174":0,"175":0,"176":0,"177":0,"178":0,"179":0,"180":0,"181":0,"182":0,"183":0,"184":0,"185":0,"186":0,"187":0,"188":0,"189":0,"190":0,"191":0,"192":0,"193":0,"194":0,"195":0,"196":0,"197":0,"198":0,"199":0,"200":0,"201":0,"202":0,"203":0,"204":0,"205":0,"206":0,"207":1,"208":0,"209":1,"210":0,"211":0,"212":0,"213":1,"214":1,"215":0,"216":0,"217":1,"218":0},"b":{"1":[0,0],"2":[0,0],"3":[0,0],"4":[0,0],"5":[0,0],"6":[0,0],"7":[0,0],"8":[0,0],"9":[0,0],"10":[0,0],"11":[0,0],"12":[0,0],"13":[0,0],"14":[0,0],"15":[0,0],"16":[0,0],"17":[0,0],"18":[0,0],"19":[0,0],"20":[0,0],"21":[0,0],"22":[0,0],"23":[0,0],"24":[0,0],"25":[0,0],"26":[0,0],"27":[0,0],"28":[0,0],"29":[0,0],"30":[0,0],"31":[0,0],"32":[0,0],"33":[0,0,0],"34":[0,0],"35":[0,0],"36":[0,0],"37":[0,0],"38":[0,0],"39":[0,0],"40":[0,0],"41":[0,0],"42":[0,0],"43":[0,0],"44":[0,0],"45":[0,0],"46":[0,0],"47":[0,0],"48":[0,0],"49":[0,0],"50":[0,0],"51":[0,0]},"f":{"1":0,"2":0,"3":0,"4":0,"5":0,"6":0,"7":0,"8":0,"9":0,"10":0,"11":0,"12":0,"13":0,"14":0,"15":0,"16":0,"17":0,"18":0,"19":0,"20":0,"21":0,"22":0,"23":0,"24":0,"25":0,"26":0,"27":0,"28":0},"fnMap":{"1":{"name":"(anonymous_1)","line":59,"loc":{"start":{"line":59,"column":17},"end":{"line":59,"column":36}}},"2":{"name":"(anonymous_2)","line":88,"loc":{"start":{"line":88,"column":9},"end":{"line":88,"column":20}}},"3":{"name":"(anonymous_3)","line":92,"loc":{"start":{"line":92,"column":9},"end":{"line":92,"column":32}}},"4":{"name":"(anonymous_4)","line":96,"loc":{"start":{"line":96,"column":11},"end":{"line":96,"column":22}}},"5":{"name":"(anonymous_5)","line":101,"loc":{"start":{"line":101,"column":25},"end":{"line":101,"column":36}}},"6":{"name":"(anonymous_6)","line":104,"loc":{"start":{"line":104,"column":28},"end":{"line":104,"column":55}}},"7":{"name":"(anonymous_7)","line":105,"loc":{"start":{"line":105,"column":17},"end":{"line":105,"column":29}}},"8":{"name":"(anonymous_8)","line":114,"loc":{"start":{"line":114,"column":22},"end":{"line":114,"column":33}}},"9":{"name":"addCommonAPI","line":124,"loc":{"start":{"line":124,"column":2},"end":{"line":124,"column":26}}},"10":{"name":"(anonymous_10)","line":129,"loc":{"start":{"line":129,"column":41},"end":{"line":129,"column":53}}},"11":{"name":"(anonymous_11)","line":133,"loc":{"start":{"line":133,"column":41},"end":{"line":133,"column":57}}},"12":{"name":"generateSession","line":141,"loc":{"start":{"line":141,"column":2},"end":{"line":141,"column":29}}},"13":{"name":"matchPath","line":155,"loc":{"start":{"line":155,"column":2},"end":{"line":155,"column":26}}},"14":{"name":"getSession","line":174,"loc":{"start":{"line":174,"column":2},"end":{"line":174,"column":25}}},"15":{"name":"refreshSession","line":234,"loc":{"start":{"line":234,"column":2},"end":{"line":234,"column":58}}},"16":{"name":"saveNow","line":274,"loc":{"start":{"line":274,"column":2},"end":{"line":274,"column":33}}},"17":{"name":"session","line":299,"loc":{"start":{"line":299,"column":2},"end":{"line":299,"column":26}}},"18":{"name":"(anonymous_18)","line":314,"loc":{"start":{"line":314,"column":37},"end":{"line":314,"column":49}}},"19":{"name":"(anonymous_19)","line":318,"loc":{"start":{"line":318,"column":37},"end":{"line":318,"column":53}}},"20":{"name":"regenerateSession","line":322,"loc":{"start":{"line":322,"column":29},"end":{"line":322,"column":59}}},"21":{"name":"deferSession","line":365,"loc":{"start":{"line":365,"column":2},"end":{"line":365,"column":31}}},"22":{"name":"(anonymous_22)","line":383,"loc":{"start":{"line":383,"column":37},"end":{"line":383,"column":50}}},"23":{"name":"(anonymous_23)","line":401,"loc":{"start":{"line":401,"column":37},"end":{"line":401,"column":54}}},"24":{"name":"regenerateSession","line":406,"loc":{"start":{"line":406,"column":29},"end":{"line":406,"column":59}}},"25":{"name":"hash","line":441,"loc":{"start":{"line":441,"column":0},"end":{"line":441,"column":20}}},"26":{"name":"compatMaxage","line":448,"loc":{"start":{"line":448,"column":0},"end":{"line":448,"column":28}}},"27":{"name":"defaultErrorHanlder","line":457,"loc":{"start":{"line":457,"column":0},"end":{"line":457,"column":46}}},"28":{"name":"noop","line":462,"loc":{"start":{"line":462,"column":0},"end":{"line":462,"column":17}}}},"statementMap":{"1":{"start":{"line":16,"column":0},"end":{"line":16,"column":62}},"2":{"start":{"line":17,"column":0},"end":{"line":17,"column":46}},"3":{"start":{"line":18,"column":0},"end":{"line":18,"column":35}},"4":{"start":{"line":19,"column":0},"end":{"line":19,"column":34}},"5":{"start":{"line":20,"column":0},"end":{"line":20,"column":33}},"6":{"start":{"line":21,"column":0},"end":{"line":21,"column":32}},"7":{"start":{"line":22,"column":0},"end":{"line":22,"column":32}},"8":{"start":{"line":28,"column":0},"end":{"line":30,"column":54}},"9":{"start":{"line":32,"column":0},"end":{"line":38,"column":2}},"10":{"start":{"line":59,"column":0},"end":{"line":436,"column":2}},"11":{"start":{"line":60,"column":2},"end":{"line":60,"column":26}},"12":{"start":{"line":61,"column":2},"end":{"line":61,"column":37}},"13":{"start":{"line":62,"column":2},"end":{"line":62,"column":50}},"14":{"start":{"line":63,"column":2},"end":{"line":63,"column":65}},"15":{"start":{"line":64,"column":2},"end":{"line":64,"column":59}},"16":{"start":{"line":66,"column":2},"end":{"line":69,"column":5}},"17":{"start":{"line":71,"column":2},"end":{"line":71,"column":42}},"18":{"start":{"line":72,"column":2},"end":{"line":72,"column":36}},"19":{"start":{"line":73,"column":2},"end":{"line":73,"column":46}},"20":{"start":{"line":75,"column":2},"end":{"line":75,"column":36}},"21":{"start":{"line":76,"column":2},"end":{"line":76,"column":33}},"22":{"start":{"line":78,"column":2},"end":{"line":78,"column":32}},"23":{"start":{"line":79,"column":2},"end":{"line":79,"column":36}},"24":{"start":{"line":83,"column":2},"end":{"line":84,"column":59}},"25":{"start":{"line":84,"column":37},"end":{"line":84,"column":59}},"26":{"start":{"line":86,"column":2},"end":{"line":99,"column":4}},"27":{"start":{"line":89,"column":6},"end":{"line":89,"column":43}},"28":{"start":{"line":93,"column":6},"end":{"line":93,"column":49}},"29":{"start":{"line":97,"column":6},"end":{"line":97,"column":34}},"30":{"start":{"line":101,"column":2},"end":{"line":112,"column":5}},"31":{"start":{"line":102,"column":4},"end":{"line":102,"column":44}},"32":{"start":{"line":102,"column":37},"end":{"line":102,"column":44}},"33":{"start":{"line":103,"column":4},"end":{"line":103,"column":28}},"34":{"start":{"line":104,"column":4},"end":{"line":110,"column":7}},"35":{"start":{"line":105,"column":6},"end":{"line":108,"column":27}},"36":{"start":{"line":106,"column":8},"end":{"line":106,"column":67}},"37":{"start":{"line":106,"column":39},"end":{"line":106,"column":67}},"38":{"start":{"line":107,"column":8},"end":{"line":107,"column":58}},"39":{"start":{"line":109,"column":6},"end":{"line":109,"column":37}},"40":{"start":{"line":114,"column":2},"end":{"line":117,"column":5}},"41":{"start":{"line":115,"column":4},"end":{"line":115,"column":30}},"42":{"start":{"line":116,"column":4},"end":{"line":116,"column":34}},"43":{"start":{"line":120,"column":2},"end":{"line":120,"column":53}},"44":{"start":{"line":122,"column":2},"end":{"line":122,"column":48}},"45":{"start":{"line":124,"column":2},"end":{"line":136,"column":3}},"46":{"start":{"line":126,"column":4},"end":{"line":126,"column":29}},"47":{"start":{"line":129,"column":4},"end":{"line":131,"column":7}},"48":{"start":{"line":130,"column":6},"end":{"line":130,"column":31}},"49":{"start":{"line":133,"column":4},"end":{"line":135,"column":7}},"50":{"start":{"line":134,"column":6},"end":{"line":134,"column":31}},"51":{"start":{"line":141,"column":2},"end":{"line":150,"column":3}},"52":{"start":{"line":142,"column":4},"end":{"line":142,"column":21}},"53":{"start":{"line":144,"column":4},"end":{"line":144,"column":24}},"54":{"start":{"line":145,"column":4},"end":{"line":147,"column":5}},"55":{"start":{"line":146,"column":6},"end":{"line":146,"column":42}},"56":{"start":{"line":148,"column":4},"end":{"line":148,"column":33}},"57":{"start":{"line":149,"column":4},"end":{"line":149,"column":19}},"58":{"start":{"line":155,"column":2},"end":{"line":166,"column":3}},"59":{"start":{"line":156,"column":4},"end":{"line":156,"column":39}},"60":{"start":{"line":157,"column":4},"end":{"line":157,"column":40}},"61":{"start":{"line":158,"column":4},"end":{"line":160,"column":5}},"62":{"start":{"line":159,"column":6},"end":{"line":159,"column":18}},"63":{"start":{"line":161,"column":4},"end":{"line":164,"column":5}},"64":{"start":{"line":162,"column":6},"end":{"line":162,"column":37}},"65":{"start":{"line":163,"column":6},"end":{"line":163,"column":19}},"66":{"start":{"line":165,"column":4},"end":{"line":165,"column":16}},"67":{"start":{"line":174,"column":2},"end":{"line":227,"column":3}},"68":{"start":{"line":175,"column":4},"end":{"line":175,"column":33}},"69":{"start":{"line":175,"column":26},"end":{"line":175,"column":33}},"70":{"start":{"line":176,"column":4},"end":{"line":182,"column":5}},"71":{"start":{"line":177,"column":6},"end":{"line":177,"column":47}},"72":{"start":{"line":178,"column":6},"end":{"line":178,"column":22}},"73":{"start":{"line":179,"column":11},"end":{"line":182,"column":5}},"74":{"start":{"line":180,"column":6},"end":{"line":180,"column":36}},"75":{"start":{"line":181,"column":6},"end":{"line":181,"column":54}},"76":{"start":{"line":184,"column":4},"end":{"line":186,"column":5}},"77":{"start":{"line":185,"column":6},"end":{"line":185,"column":53}},"78":{"start":{"line":188,"column":4},"end":{"line":188,"column":16}},"79":{"start":{"line":189,"column":4},"end":{"line":189,"column":22}},"80":{"start":{"line":190,"column":4},"end":{"line":207,"column":5}},"81":{"start":{"line":191,"column":6},"end":{"line":191,"column":56}},"82":{"start":{"line":192,"column":6},"end":{"line":192,"column":34}},"83":{"start":{"line":193,"column":6},"end":{"line":193,"column":45}},"84":{"start":{"line":194,"column":6},"end":{"line":194,"column":19}},"85":{"start":{"line":196,"column":6},"end":{"line":206,"column":7}},"86":{"start":{"line":197,"column":8},"end":{"line":197,"column":50}},"87":{"start":{"line":198,"column":8},"end":{"line":198,"column":69}},"88":{"start":{"line":200,"column":8},"end":{"line":205,"column":9}},"89":{"start":{"line":201,"column":10},"end":{"line":201,"column":52}},"90":{"start":{"line":203,"column":10},"end":{"line":203,"column":52}},"91":{"start":{"line":204,"column":10},"end":{"line":204,"column":41}},"92":{"start":{"line":210,"column":4},"end":{"line":217,"column":5}},"93":{"start":{"line":212,"column":6},"end":{"line":212,"column":43}},"94":{"start":{"line":213,"column":6},"end":{"line":213,"column":34}},"95":{"start":{"line":214,"column":6},"end":{"line":214,"column":45}},"96":{"start":{"line":215,"column":6},"end":{"line":215,"column":38}},"97":{"start":{"line":216,"column":6},"end":{"line":216,"column":19}},"98":{"start":{"line":220,"column":4},"end":{"line":220,"column":47}},"99":{"start":{"line":222,"column":4},"end":{"line":226,"column":6}},"100":{"start":{"line":234,"column":2},"end":{"line":272,"column":3}},"101":{"start":{"line":237,"column":4},"end":{"line":239,"column":5}},"102":{"start":{"line":238,"column":6},"end":{"line":238,"column":44}},"103":{"start":{"line":242,"column":4},"end":{"line":249,"column":5}},"104":{"start":{"line":243,"column":6},"end":{"line":247,"column":7}},"105":{"start":{"line":244,"column":8},"end":{"line":244,"column":74}},"106":{"start":{"line":245,"column":8},"end":{"line":245,"column":40}},"107":{"start":{"line":246,"column":8},"end":{"line":246,"column":51}},"108":{"start":{"line":248,"column":6},"end":{"line":248,"column":68}},"109":{"start":{"line":252,"column":4},"end":{"line":255,"column":5}},"110":{"start":{"line":253,"column":6},"end":{"line":253,"column":35}},"111":{"start":{"line":254,"column":6},"end":{"line":254,"column":63}},"112":{"start":{"line":257,"column":4},"end":{"line":257,"column":32}},"113":{"start":{"line":259,"column":4},"end":{"line":261,"column":5}},"114":{"start":{"line":260,"column":6},"end":{"line":260,"column":54}},"115":{"start":{"line":264,"column":4},"end":{"line":266,"column":5}},"116":{"start":{"line":265,"column":6},"end":{"line":265,"column":43}},"117":{"start":{"line":268,"column":4},"end":{"line":268,"column":30}},"118":{"start":{"line":270,"column":4},"end":{"line":270,"column":54}},"119":{"start":{"line":274,"column":2},"end":{"line":289,"column":3}},"120":{"start":{"line":275,"column":4},"end":{"line":275,"column":33}},"121":{"start":{"line":278,"column":4},"end":{"line":278,"column":30}},"122":{"start":{"line":281,"column":4},"end":{"line":288,"column":5}},"123":{"start":{"line":282,"column":6},"end":{"line":282,"column":35}},"124":{"start":{"line":283,"column":6},"end":{"line":283,"column":49}},"125":{"start":{"line":284,"column":6},"end":{"line":284,"column":21}},"126":{"start":{"line":286,"column":6},"end":{"line":286,"column":48}},"127":{"start":{"line":287,"column":6},"end":{"line":287,"column":37}},"128":{"start":{"line":299,"column":2},"end":{"line":355,"column":3}},"129":{"start":{"line":300,"column":4},"end":{"line":300,"column":30}},"130":{"start":{"line":301,"column":4},"end":{"line":303,"column":5}},"131":{"start":{"line":302,"column":6},"end":{"line":302,"column":24}},"132":{"start":{"line":304,"column":4},"end":{"line":304,"column":45}},"133":{"start":{"line":305,"column":4},"end":{"line":307,"column":5}},"134":{"start":{"line":306,"column":6},"end":{"line":306,"column":24}},"135":{"start":{"line":309,"column":4},"end":{"line":309,"column":28}},"136":{"start":{"line":311,"column":4},"end":{"line":311,"column":35}},"137":{"start":{"line":314,"column":4},"end":{"line":316,"column":7}},"138":{"start":{"line":315,"column":6},"end":{"line":315,"column":27}},"139":{"start":{"line":318,"column":4},"end":{"line":320,"column":7}},"140":{"start":{"line":319,"column":6},"end":{"line":319,"column":27}},"141":{"start":{"line":322,"column":4},"end":{"line":336,"column":5}},"142":{"start":{"line":323,"column":6},"end":{"line":323,"column":36}},"143":{"start":{"line":324,"column":6},"end":{"line":328,"column":7}},"144":{"start":{"line":326,"column":8},"end":{"line":326,"column":45}},"145":{"start":{"line":327,"column":8},"end":{"line":327,"column":44}},"146":{"start":{"line":330,"column":6},"end":{"line":330,"column":39}},"147":{"start":{"line":331,"column":6},"end":{"line":331,"column":45}},"148":{"start":{"line":332,"column":6},"end":{"line":332,"column":38}},"149":{"start":{"line":334,"column":6},"end":{"line":334,"column":55}},"150":{"start":{"line":335,"column":6},"end":{"line":335,"column":26}},"151":{"start":{"line":339,"column":4},"end":{"line":339,"column":26}},"152":{"start":{"line":340,"column":4},"end":{"line":345,"column":5}},"153":{"start":{"line":341,"column":6},"end":{"line":341,"column":17}},"154":{"start":{"line":343,"column":6},"end":{"line":343,"column":49}},"155":{"start":{"line":344,"column":6},"end":{"line":344,"column":23}},"156":{"start":{"line":347,"column":4},"end":{"line":353,"column":5}},"157":{"start":{"line":348,"column":6},"end":{"line":348,"column":87}},"158":{"start":{"line":350,"column":6},"end":{"line":350,"column":54}},"159":{"start":{"line":351,"column":6},"end":{"line":351,"column":56}},"160":{"start":{"line":351,"column":22},"end":{"line":351,"column":56}},"161":{"start":{"line":352,"column":6},"end":{"line":352,"column":37}},"162":{"start":{"line":354,"column":4},"end":{"line":354,"column":37}},"163":{"start":{"line":354,"column":20},"end":{"line":354,"column":37}},"164":{"start":{"line":365,"column":2},"end":{"line":435,"column":3}},"165":{"start":{"line":366,"column":4},"end":{"line":366,"column":30}},"166":{"start":{"line":368,"column":4},"end":{"line":370,"column":5}},"167":{"start":{"line":369,"column":6},"end":{"line":369,"column":24}},"168":{"start":{"line":371,"column":4},"end":{"line":371,"column":22}},"169":{"start":{"line":372,"column":4},"end":{"line":372,"column":28}},"170":{"start":{"line":373,"column":4},"end":{"line":373,"column":29}},"171":{"start":{"line":374,"column":4},"end":{"line":374,"column":23}},"172":{"start":{"line":377,"column":4},"end":{"line":379,"column":5}},"173":{"start":{"line":378,"column":6},"end":{"line":378,"column":24}},"174":{"start":{"line":381,"column":4},"end":{"line":381,"column":28}},"175":{"start":{"line":383,"column":4},"end":{"line":399,"column":7}},"176":{"start":{"line":384,"column":6},"end":{"line":386,"column":7}},"177":{"start":{"line":385,"column":8},"end":{"line":385,"column":29}},"178":{"start":{"line":387,"column":6},"end":{"line":387,"column":26}},"179":{"start":{"line":388,"column":6},"end":{"line":388,"column":20}},"180":{"start":{"line":390,"column":6},"end":{"line":390,"column":47}},"181":{"start":{"line":393,"column":6},"end":{"line":393,"column":26}},"182":{"start":{"line":393,"column":19},"end":{"line":393,"column":26}},"183":{"start":{"line":395,"column":6},"end":{"line":395,"column":41}},"184":{"start":{"line":396,"column":6},"end":{"line":396,"column":27}},"185":{"start":{"line":397,"column":6},"end":{"line":397,"column":37}},"186":{"start":{"line":398,"column":6},"end":{"line":398,"column":27}},"187":{"start":{"line":401,"column":4},"end":{"line":404,"column":7}},"188":{"start":{"line":402,"column":6},"end":{"line":402,"column":26}},"189":{"start":{"line":403,"column":6},"end":{"line":403,"column":28}},"190":{"start":{"line":406,"column":4},"end":{"line":423,"column":5}},"191":{"start":{"line":407,"column":6},"end":{"line":407,"column":36}},"192":{"start":{"line":409,"column":6},"end":{"line":409,"column":25}},"193":{"start":{"line":411,"column":6},"end":{"line":415,"column":7}},"194":{"start":{"line":413,"column":8},"end":{"line":413,"column":45}},"195":{"start":{"line":414,"column":8},"end":{"line":414,"column":44}},"196":{"start":{"line":417,"column":6},"end":{"line":417,"column":40}},"197":{"start":{"line":418,"column":6},"end":{"line":418,"column":45}},"198":{"start":{"line":419,"column":6},"end":{"line":419,"column":38}},"199":{"start":{"line":420,"column":6},"end":{"line":420,"column":55}},"200":{"start":{"line":421,"column":6},"end":{"line":421,"column":19}},"201":{"start":{"line":422,"column":6},"end":{"line":422,"column":27}},"202":{"start":{"line":425,"column":4},"end":{"line":425,"column":15}},"203":{"start":{"line":427,"column":4},"end":{"line":434,"column":5}},"204":{"start":{"line":429,"column":6},"end":{"line":431,"column":7}},"205":{"start":{"line":430,"column":8},"end":{"line":430,"column":55}},"206":{"start":{"line":433,"column":6},"end":{"line":433,"column":74}},"207":{"start":{"line":441,"column":0},"end":{"line":443,"column":1}},"208":{"start":{"line":442,"column":2},"end":{"line":442,"column":44}},"209":{"start":{"line":448,"column":0},"end":{"line":453,"column":1}},"210":{"start":{"line":449,"column":2},"end":{"line":452,"column":3}},"211":{"start":{"line":450,"column":4},"end":{"line":450,"column":58}},"212":{"start":{"line":451,"column":4},"end":{"line":451,"column":23}},"213":{"start":{"line":455,"column":0},"end":{"line":455,"column":41}},"214":{"start":{"line":457,"column":0},"end":{"line":460,"column":1}},"215":{"start":{"line":458,"column":2},"end":{"line":458,"column":54}},"216":{"start":{"line":459,"column":2},"end":{"line":459,"column":12}},"217":{"start":{"line":462,"column":0},"end":{"line":464,"column":1}},"218":{"start":{"line":463,"column":2},"end":{"line":463,"column":14}}},"branchMap":{"1":{"line":60,"type":"binary-expr","locations":[{"start":{"line":60,"column":12},"end":{"line":60,"column":19}},{"start":{"line":60,"column":23},"end":{"line":60,"column":25}}]},"2":{"line":61,"type":"binary-expr","locations":[{"start":{"line":61,"column":12},"end":{"line":61,"column":23}},{"start":{"line":61,"column":27},"end":{"line":61,"column":36}}]},"3":{"line":62,"type":"binary-expr","locations":[{"start":{"line":62,"column":15},"end":{"line":62,"column":28}},{"start":{"line":62,"column":32},"end":{"line":62,"column":49}}]},"4":{"line":63,"type":"binary-expr","locations":[{"start":{"line":63,"column":21},"end":{"line":63,"column":41}},{"start":{"line":63,"column":45},"end":{"line":63,"column":64}}]},"5":{"line":64,"type":"binary-expr","locations":[{"start":{"line":64,"column":25},"end":{"line":64,"column":49}},{"start":{"line":64,"column":53},"end":{"line":64,"column":58}}]},"6":{"line":71,"type":"binary-expr","locations":[{"start":{"line":71,"column":15},"end":{"line":71,"column":29}},{"start":{"line":71,"column":33},"end":{"line":71,"column":41}}]},"7":{"line":72,"type":"binary-expr","locations":[{"start":{"line":72,"column":14},"end":{"line":72,"column":27}},{"start":{"line":72,"column":31},"end":{"line":72,"column":35}}]},"8":{"line":73,"type":"binary-expr","locations":[{"start":{"line":73,"column":19},"end":{"line":73,"column":37}},{"start":{"line":73,"column":41},"end":{"line":73,"column":45}}]},"9":{"line":75,"type":"binary-expr","locations":[{"start":{"line":75,"column":15},"end":{"line":75,"column":29}},{"start":{"line":75,"column":33},"end":{"line":75,"column":35}}]},"10":{"line":83,"type":"if","locations":[{"start":{"line":83,"column":2},"end":{"line":83,"column":2}},{"start":{"line":83,"column":2},"end":{"line":83,"column":2}}]},"11":{"line":83,"type":"binary-expr","locations":[{"start":{"line":83,"column":6},"end":{"line":83,"column":43}},{"start":{"line":84,"column":6},"end":{"line":84,"column":35}}]},"12":{"line":86,"type":"binary-expr","locations":[{"start":{"line":86,"column":23},"end":{"line":86,"column":45}},{"start":{"line":86,"column":49},"end":{"line":99,"column":3}}]},"13":{"line":102,"type":"if","locations":[{"start":{"line":102,"column":4},"end":{"line":102,"column":4}},{"start":{"line":102,"column":4},"end":{"line":102,"column":4}}]},"14":{"line":106,"type":"if","locations":[{"start":{"line":106,"column":8},"end":{"line":106,"column":8}},{"start":{"line":106,"column":8},"end":{"line":106,"column":8}}]},"15":{"line":122,"type":"cond-expr","locations":[{"start":{"line":122,"column":25},"end":{"line":122,"column":37}},{"start":{"line":122,"column":40},"end":{"line":122,"column":47}}]},"16":{"line":157,"type":"binary-expr","locations":[{"start":{"line":157,"column":21},"end":{"line":157,"column":32}},{"start":{"line":157,"column":36},"end":{"line":157,"column":39}}]},"17":{"line":158,"type":"if","locations":[{"start":{"line":158,"column":4},"end":{"line":158,"column":4}},{"start":{"line":158,"column":4},"end":{"line":158,"column":4}}]},"18":{"line":161,"type":"if","locations":[{"start":{"line":161,"column":4},"end":{"line":161,"column":4}},{"start":{"line":161,"column":4},"end":{"line":161,"column":4}}]},"19":{"line":175,"type":"if","locations":[{"start":{"line":175,"column":4},"end":{"line":175,"column":4}},{"start":{"line":175,"column":4},"end":{"line":175,"column":4}}]},"20":{"line":176,"type":"if","locations":[{"start":{"line":176,"column":4},"end":{"line":176,"column":4}},{"start":{"line":176,"column":4},"end":{"line":176,"column":4}}]},"21":{"line":179,"type":"if","locations":[{"start":{"line":179,"column":11},"end":{"line":179,"column":11}},{"start":{"line":179,"column":11},"end":{"line":179,"column":11}}]},"22":{"line":184,"type":"if","locations":[{"start":{"line":184,"column":4},"end":{"line":184,"column":4}},{"start":{"line":184,"column":4},"end":{"line":184,"column":4}}]},"23":{"line":190,"type":"if","locations":[{"start":{"line":190,"column":4},"end":{"line":190,"column":4}},{"start":{"line":190,"column":4},"end":{"line":190,"column":4}}]},"24":{"line":200,"type":"if","locations":[{"start":{"line":200,"column":8},"end":{"line":200,"column":8}},{"start":{"line":200,"column":8},"end":{"line":200,"column":8}}]},"25":{"line":210,"type":"if","locations":[{"start":{"line":210,"column":4},"end":{"line":210,"column":4}},{"start":{"line":210,"column":4},"end":{"line":210,"column":4}}]},"26":{"line":210,"type":"binary-expr","locations":[{"start":{"line":210,"column":8},"end":{"line":210,"column":16}},{"start":{"line":211,"column":6},"end":{"line":211,"column":27}}]},"27":{"line":220,"type":"binary-expr","locations":[{"start":{"line":220,"column":23},"end":{"line":220,"column":29}},{"start":{"line":220,"column":33},"end":{"line":220,"column":46}}]},"28":{"line":237,"type":"if","locations":[{"start":{"line":237,"column":4},"end":{"line":237,"column":4}},{"start":{"line":237,"column":4},"end":{"line":237,"column":4}}]},"29":{"line":242,"type":"if","locations":[{"start":{"line":242,"column":4},"end":{"line":242,"column":4}},{"start":{"line":242,"column":4},"end":{"line":242,"column":4}}]},"30":{"line":243,"type":"if","locations":[{"start":{"line":243,"column":6},"end":{"line":243,"column":6}},{"start":{"line":243,"column":6},"end":{"line":243,"column":6}}]},"31":{"line":252,"type":"if","locations":[{"start":{"line":252,"column":4},"end":{"line":252,"column":4}},{"start":{"line":252,"column":4},"end":{"line":252,"column":4}}]},"32":{"line":259,"type":"if","locations":[{"start":{"line":259,"column":4},"end":{"line":259,"column":4}},{"start":{"line":259,"column":4},"end":{"line":259,"column":4}}]},"33":{"line":259,"type":"binary-expr","locations":[{"start":{"line":259,"column":8},"end":{"line":259,"column":27}},{"start":{"line":259,"column":31},"end":{"line":259,"column":36}},{"start":{"line":259,"column":40},"end":{"line":259,"column":70}}]},"34":{"line":264,"type":"if","locations":[{"start":{"line":264,"column":4},"end":{"line":264,"column":4}},{"start":{"line":264,"column":4},"end":{"line":264,"column":4}}]},"35":{"line":264,"type":"binary-expr","locations":[{"start":{"line":264,"column":8},"end":{"line":264,"column":24}},{"start":{"line":264,"column":28},"end":{"line":264,"column":52}}]},"36":{"line":301,"type":"if","locations":[{"start":{"line":301,"column":4},"end":{"line":301,"column":4}},{"start":{"line":301,"column":4},"end":{"line":301,"column":4}}]},"37":{"line":301,"type":"binary-expr","locations":[{"start":{"line":301,"column":8},"end":{"line":301,"column":20}},{"start":{"line":301,"column":24},"end":{"line":301,"column":37}}]},"38":{"line":305,"type":"if","locations":[{"start":{"line":305,"column":4},"end":{"line":305,"column":4}},{"start":{"line":305,"column":4},"end":{"line":305,"column":4}}]},"39":{"line":324,"type":"if","locations":[{"start":{"line":324,"column":6},"end":{"line":324,"column":6}},{"start":{"line":324,"column":6},"end":{"line":324,"column":6}}]},"40":{"line":351,"type":"if","locations":[{"start":{"line":351,"column":6},"end":{"line":351,"column":6}},{"start":{"line":351,"column":6},"end":{"line":351,"column":6}}]},"41":{"line":352,"type":"binary-expr","locations":[{"start":{"line":352,"column":19},"end":{"line":352,"column":29}},{"start":{"line":352,"column":33},"end":{"line":352,"column":36}}]},"42":{"line":354,"type":"if","locations":[{"start":{"line":354,"column":4},"end":{"line":354,"column":4}},{"start":{"line":354,"column":4},"end":{"line":354,"column":4}}]},"43":{"line":368,"type":"if","locations":[{"start":{"line":368,"column":4},"end":{"line":368,"column":4}},{"start":{"line":368,"column":4},"end":{"line":368,"column":4}}]},"44":{"line":377,"type":"if","locations":[{"start":{"line":377,"column":4},"end":{"line":377,"column":4}},{"start":{"line":377,"column":4},"end":{"line":377,"column":4}}]},"45":{"line":384,"type":"if","locations":[{"start":{"line":384,"column":6},"end":{"line":384,"column":6}},{"start":{"line":384,"column":6},"end":{"line":384,"column":6}}]},"46":{"line":393,"type":"if","locations":[{"start":{"line":393,"column":6},"end":{"line":393,"column":6}},{"start":{"line":393,"column":6},"end":{"line":393,"column":6}}]},"47":{"line":411,"type":"if","locations":[{"start":{"line":411,"column":6},"end":{"line":411,"column":6}},{"start":{"line":411,"column":6},"end":{"line
[...]
;","    }","","    if (!this.sessionId) {","      this.sessionId = sessionIdStore.get.call(this);","    }","","    let session;","    let isNew = false;","    if (!this.sessionId) {","      debug('session id not exist, generate a new one');","      session = generateSession();","      this.sessionId = genSid.call(this, 24);","      isNew = true;","    } else {","      try {","        session = yield store.get(this.sessionId);","        debug('get session %j with key %s', session, this.sessionId);","      } catch (err) {","        if (err.code === 'ENOENT') {","          debug('get session error, code = ENOENT');","        } else {","          debug('get session error: ', err.message);","          errorHandler(err, 'get', this);","        }","      }","    }","","    // make sure the session is still valid","    if (!session ||","      !valid(this, session)) {","      debug('session is empty or invalid');","      session = generateSession();","      this.sessionId = genSid.call(this, 24);","      sessionIdStore.reset.call(this);","      isNew = true;","    }","","    // get the originHash","    let originalHash = !isNew && hash(session);","","    return {","      originalHash: originalHash,","      session: session,","      isNew: isNew","    };","  }","","  /**","   * after everything done, refresh the session","   *   if session === null; delete it from store","   *   if session is modified, update cookie and store","   */","  function *refreshSession (session, originalHash, isNew) {","","    // reject any session changes, and do not update session expiry","    if(this._sessionSave === false) {","      return debug('session save disabled');","    }","","    //delete session","    if (!session) {","      if (!isNew) {","        debug('session set to null, destroy session: %s', this.sessionId);","        sessionIdStore.reset.call(this);","        return yield store.destroy(this.sessionId);","      }","      return debug('a new session and set to null, ignore destroy');","    }","","    // force saving non-empty session","    if(this._sessionSave === true) {","      debug('session save forced');","      return yield saveNow.call(this, this.sessionId, session);","    }","","    let newHash = hash(session);","    // if new session and not modified, just ignore","    if (!options.allowEmpty && isNew && newHash === EMPTY_SESSION_HASH) {","      return debug('new session and do not modified');","    }","","    // rolling session will always reset cookie and session","    if (!options.rolling && newHash === originalHash) {","      return debug('session not modified');","    }","","    debug('session modified');","","    yield saveNow.call(this, this.sessionId, session);","","  }","","  function *saveNow(id, session) {","    compatMaxage(session.cookie);","","    // custom before save hook","    beforeSave(this, session);","","    //update session","    try {","      yield store.set(id, session);","      sessionIdStore.set.call(this, id, session);","      debug('saved');","    } catch (err) {","      debug('set session error: ', err.message);","      errorHandler(err, 'set', this);","    }","  }","","  /**","   * common session middleware","   * each request will generate a new session","   *","   * ```","   * let session = this.session;","   * ```","   */","  function *session(next) {","    this.sessionStore = store;","    if (this.session || this._session) {","      return yield next;","    }","    let result = yield getSession.call(this);","    if (!result) {","      return yield next;","    }","","    addCommonAPI.call(this);","","    this._session = result.session;","","    // more flexible","    this.__defineGetter__('session', function () {","      return this._session;","    });","","    this.__defineSetter__('session', function (sess) {","      this._session = sess;","    });","","    this.regenerateSession = function *regenerateSession() {","      debug('regenerating session');","      if (!result.isNew) {","        // destroy the old session","        debug('destroying previous session');","        yield store.destroy(this.sessionId);","      }","","      this.session = generateSession();","      this.sessionId = genSid.call(this, 24);","      sessionIdStore.reset.call(this);","","      debug('created new session: %s', this.sessionId);","      result.isNew = true;","    }","","    // make sure `refreshSession` always called","    var firstError = null;","    try {","      yield next;","    } catch (err) {","      debug('next logic error: %s', err.message);","      firstError = err;","    }","    // can't use finally because `refreshSession` is async","    try {","      yield refreshSession.call(this, this.session, result.originalHash, result.isNew);","    } catch (err) {","      debug('refresh session error: %s', err.message);","      if (firstError) this.app.emit('error', err, this);","      firstError = firstError || err;","    }","    if (firstError) throw firstError;","  }","","  /**","   * defer session middleware","   * only generate and get session when request use session","   *","   * ```","   * let session = yield this.session;","   * ```","   */","  function *deferSession(next) {","    this.sessionStore = store;","","    if (this.session) {","      return yield next;","    }","    let isNew = false;","    let originalHash = null;","    let touchSession = false;","    let getter = false;","","    // if path not match","    if (!matchPath(this)) {","      return yield next;","    }","","    addCommonAPI.call(this);","","    this.__defineGetter__('session', function *() {","      if (touchSession) {","        return this._session;","      }","      touchSession = true;","      getter = true;","","      let result = yield getSession.call(this);","      // if cookie path not match","      // this route's controller should never use session","      if (!result) return;","","      originalHash = result.originalHash;","      isNew = result.isNew;","      this._session = result.session;","      return this._session;","    });","","    this.__defineSetter__('session', function (value) {","      touchSession = true;","      this._session = value;","    });","","    this.regenerateSession = function *regenerateSession() {","      debug('regenerating session');","      // make sure that the session has been loaded","      yield this.session;","","      if (!isNew) {","        // destroy the old session","        debug('destroying previous session');","        yield store.destroy(this.sessionId);","      }","","      this._session = generateSession();","      this.sessionId = genSid.call(this, 24);","      sessionIdStore.reset.call(this);","      debug('created new session: %s', this.sessionId);","      isNew = true;","      return this._session;","    }","","    yield next;","","    if (touchSession) {","      // if only this.session=, need try to decode and get the sessionID","      if (!getter) {","        this.sessionId = sessionIdStore.get.call(this);","      }","","      yield refreshSession.call(this, this._session, originalHash, isNew);","    }","  }","};","","/**"," * get the hash of a session include cookie options."," */","function hash(sess) {","  return crc32.signed(JSON.stringify(sess));","}","","/**"," * cookie use maxAge, hack to compat connect type `maxage`"," */","function compatMaxage(opts) {","  if (opts) {","    opts.maxAge = opts.maxage ? opts.maxage : opts.maxAge;","    delete opts.maxage;","  }","}","","module.exports.MemoryStore = MemoryStore;","","function defaultErrorHanlder (err, type, ctx) {","  err.name = 'koa-generic-session ' + type + ' error';","  throw err;","}","","function noop () {","  return true;","}",""],"l":{"16":1,"17":1,"18":1,"19":1,"20":1,"21":1,"22":1,"28":1,"32":1,"59":1,"60":0,"61":0,"62":0,"63":0,"64":0,"66":0,"71":0,"72":0,"73":0,"75":0,"76":0,"78":0,"79":0,"83":0,"84":0,"86":0,"89":0,"93":0,"97":0,"101":0,"102":0,"103":0,"104":0,"105":0,"106":0,"107":0,"109":0,"114":0,"115":0,"116":0,"120":0,"122":0,"124":1,"126":0,"129":0,"130":0,"133":0,"134":0,"141":1,"142":0,"144":0,"145":0,"146":0,"148":0,"149":0,"155":1,"156":0,"157":0,"158":0,"159":0,"161":0,"162":0,"163":0,"165":0,"174":1,"175":0,"176":0,"177":0,"178":0,"179":0,"180":0,"181":0,"184":0,"185":0,"188":0,"189":0,"190":0,"191":0,"192":0,"193":0,"194":0,"196":0,"197":0,"198":0,"200":0,"201":0,"203":0,"204":0,"210":0,"212":0,"213":0,"214":0,"215":0,"216":0,"220":0,"222":0,"234":1,"237":0,"238":0,"242":0,"243":0,"244":0,"245":0,"246":0,"248":0,"252":0,"253":0,"254":0,"257":0,"259":0,"260":0,"264":0,"265":0,"268":0,"270":0,"274":1,"275":0,"278":0,"281":0,"282":0,"283":0,"284":0,"286":0,"287":0,"299":1,"300":0,"301":0,"302":0,"304":0,"305":0,"306":0,"309":0,"311":0,"314":0,"315":0,"318":0,"319":0,"322":0,"323":0,"324":0,"326":0,"327":0,"330":0,"331":0,"332":0,"334":0,"335":0,"339":0,"340":0,"341":0,"343":0,"344":0,"347":0,"348":0,"350":0,"351":0,"352":0,"354":0,"365":1,"366":0,"368":0,"369":0,"371":0,"372":0,"373":0,"374":0,"377":0,"378":0,"381":0,"383":0,"384":0,"385":0,"387":0,"388":0,"390":0,"393":0,"395":0,"396":0,"397":0,"398":0,"401":0,"402":0,"403":0,"406":0,"407":0,"409":0,"411":0,"413":0,"414":0,"417":0,"418":0,"419":0,"420":0,"421":0,"422":0,"425":0,"427":0,"429":0,"430":0,"433":0,"441":1,"442":0,"448":1,"449":0,"450":0,"451":0,"455":1,"457":1,"458":0,"459":0,"462":1,"463":0}},"/home/travis/build/npmtest/node-npmtest-koa-generic-session/node_modules/koa-generic-session/lib/memory_store.js":{"path":"/home/travis/build/npmtest/node-npmtest-koa-generic-session/node_modules/koa-generic-session/lib/memory_store.js","s":{"1":1,"2":1,"3":0,"4":1,"5":0,"6":0,"7":1,"8":0,"9":0,"10":1,"11":0},"b":{},"f":{"1":0,"2":0,"3":0,"4":0},"fnMap":{"1":{"name":"(anonymous_1)","line":18,"loc":{"start":{"line":18,"column":35},"end":{"line":18,"column":47}}},"2":{"name":"(anonymous_2)","line":22,"loc":{"start":{"line":22,"column":28},"end":{"line":22,"column":44}}},"3":{"name":"(anonymous_3)","line":27,"loc":{"start":{"line":27,"column":28},"end":{"line":27,"column":49}}},"4":{"name":"(anonymous_4)","line":32,"loc":{"start":{"line":32,"column":32},"end":{"line":32,"column":48}}}},"statementMap":{"1":{"start":{"line":16,"column":0},"end":{"line":16,"column":65}},"2":{"start":{"line":18,"column":0},"end":{"line":20,"column":2}},"3":{"start":{"line":19,"column":2},"end":{"line":19,"column":21}},"4":{"start":{"line":22,"column":0},"end":{"line":25,"column":2}},"5":{"start":{"line":23,"column":2},"end":{"line":23,"column":61}},"6":{"start":{"line":24,"column":2},"end":{"line":24,"column":28}},"7":{"start":{"line":27,"column":0},"end":{"line":30,"column":2}},"8":{"start":{"line":28,"column":2},"end":{"line":28,"column":45}},"9":{"start":{"line":29,"column":2},"end":{"line":29,"column":27}},"10":{"start":{"line":32,"column":0},"end":{"line":34,"column":2}},"11":{"start":{"line":33,"column":2},"end":{"line":33,"column":28}}},"branchMap":{},"code":["/**!"," * koa-generic-session - lib/memory_store.js"," * Copyright(c) 2014"," * MIT Licensed"," *"," * Authors:"," *   dead_horse <dead_horse@qq.com> (http://deadhorse.me)"," */","","'use strict';","","/**"," * Module dependencies."," */","","var debug = require('debug')('koa-generic-session:memory_store');","","var MemoryStore = module.exports = function () {","  this.sessions = {};","};","","MemoryStore.prototype.get = function *(sid) {","  debug('get value %j with key %s', this.sessions[sid], sid);","  return this.sessions[sid];","};","","MemoryStore.prototype.set = function *(sid, val) {","  debug('set value %j for key %s', val, sid);","  this.sessions[sid] = val;","};","","MemoryStore.prototype.destroy = function *(sid) {","  delete this.sessions[sid];","};",""],"l":{"16":1,"18":1,"19":0,"22":1,"23":0,"24":0,"27":1,"28":0,"29":0,"32":1,"33":0}},"/home/travis/build/npmtest/node-npmtest-koa-generic-session/node_modules/koa-generic-session/lib/store.js":{"path":"/home/travis/build/npmtest/node-npmtest-koa-generic-session/node_modules/koa-generic-session/lib/store.js","s":{"1":1,"2":1,"3":1,"4":1,"5":1,"6":1,"7":0,"8":0,"9":0,"10":0,"11":0,"12":0,"13":0,"14":1,"15":1,"16":0,"17":0,"18":0,"19":0,"20":0,"21":0,"22":0,"23":0,"24":0,"25":0,"26":0,"27":1,"28":0,"29":0,"30":0,"31":0,"32":0,"33":0,"34":0,"35":0,"36":0,"37":0,"38":0,"39":1,"40":0,"41":0,"42":0,"43":0,"44":1},"b":{"1":[0,0],"2":[0,0],"3":[0,0],"4":[0,0,0],"5":[0,0],"6":[0,0],"7":[0,0],"8":[0,0],"9":[0,0]},"f":{"1":0,"2":0,"3":0,"4":0},"fnMap":{"1":{"name":"Store","line":25,"loc":{"start":{"line":25,"column":0},"end":{"line":25,"column":32}}},"2":{"name":"(anonymous_2)","line":40,"loc":{"start":{"line":40,"column":22},"end":{"line":40,"column":38}}},"3":{"name":"(anonymous_3)","line":57,"loc":{"start":{"line":57,"column":22},"end":{"line":57,"column":44}}},"4":{"name":"(anonymous_4)","line":76,"loc":{"start":{"line":76,"column":26},"end":{"line":76,"column":42}}}},"statementMap":{"1":{"start":{"line":16,"column":0},"end":{"line":16,"column":27}},"2":{"start":{"line":17,"column":0},"end":{"line":17,"column":50}},"3":{"start":{"line":18,"column":0},"end":{"line":18,"column":58}},"4":{"start":{"line":19,"column":0},"end":{"line":19,"column":30}},"5":{"start":{"line":21,"column":0},"end":{"line":23,"column":2}},"6":{"start":{"line":25,"column":0},"end":{"line":36,"column":1}},"7":{"start":{"line":26,"column":2},"end":{"line":26,"column":23}},"8":{"start":{"line":27,"column":2},"end":{"line":27,"column":20}},"9":{"start":{"line":28,"column":2},"end":{"line":28,"column":53}},"10":{"start":{"line":29,"column":2},"end":{"line":29,"column":26}},"11":{"start":{"line":32,"column":2},"end":{"line":35,"column":3}},"12":{"start":{"line":33,"column":4},"end":{"line":33,"column":64}},"13":{"start":{"line":34,"column":4},"end":{"line":34,"column":58}},"14":{"start":{"line":38,"column":0},"end":{"line":38,"column":35}},"15":{"start":{"line":40,"column":0},"end":{"line":55,"column":2}},"16":{"start":{"line":41,"column":2},"end":{"line":41,"column":11}},"17":{"start":{"line":42,"column":2},"end":{"line":42,"column":34}},"18":{"start":{"line":43,"column":2},"end":{"line":43,"column":23}},"19":{"start":{"line":44,"column":2},"end":{"line":44,"column":36}},"20":{"start":{"line":45,"column":2},"end":{"line":48,"column":3}},"21":{"start":{"line":46,"column":4},"end":{"line":46,"column":23}},"22":{"start":{"line":47,"column":4},"end":{"line":47,"column":16}},"23":{"start":{"line":49,"column":2},"end":{"line":52,"column":3}},"24":{"start":{"line":51,"column":4},"end":{"line":51,"column":56}},"25":{"start":{"line":53,"column":2},"end":{"line":53,"column":24}},"26":{"start":{"line":54,"column":2},"end":{"line":54,"column":14}},"27":{"start":{"line":57,"column":0},"end":{"line":74,"column":2}},"28":{"start":{"line":58,"column":2},"end":{"line":58,"column":29}},"29":{"start":{"line":59,"column":2},"end":{"line":68,"column":3}},"30":{"start":{"line":60,"column":4},"end":{"line":60,"column":51}},"31":{"start":{"line":61,"column":4},"end":{"line":63,"column":5}},"32":{"start":{"line":62,"column":6},"end":{"line":62,"column":19}},"33":{"start":{"line":65,"column":4},"end":{"line":67,"column":5}},"34":{"start":{"line":66,"column":6},"end":{"line":66,"column":66}},"35":{"start":{"line":70,"column":2},"end":{"line":70,"column":34}},"36":{"start":{"line":71,"column":2},"end":{"line":71,"column":59}},"37":{"start":{"line":72,"column":2},"end":{"line":72,"column":40}},"38":{"start":{"line":73,"column":2},"end":{"line":73,"column":24}},"39":{"start":{"line":76,"column":0},"end":{"line":81,"column":2}},"40":{"start":{"line":77,"column":2},"end":{"line":77,"column":34}},"41":{"start":{"line":78,"column":2},"end":{"line":78,"column":23}},"42":{"start":{"line":79,"column":2},"end":{"line":79,"column":33}},"43":{"start":{"line":80,"column":2},"end":{"line":80,"column":32}},"44":{"start":{"line":83,"column":0},"end":{"line":83,"column":23}}},"branchMap":{"1":{"line":32,"type":"if","locations":[{"start":{"line":32,"column":2},"end":{"line":32,"column":2}},{"start":{"line":32,"column":2},"end":{"line":32,"column":2}}]},"2":{"line":45,"type":"if","locations":[{"start":{"line":45,"column":2},"end":{"line":45,"column":2}},{"start":{"line":45,"column":2},"end":{"line":45,"column":2}}]},"3":{"line":49,"type":"if","locations":[{"start":{"line":49,"column":2},"end":{"line":49,"column":2}},{"start":{"line":49,"column":2},"end":{"line":49,"column":2}}]},"4":{"line":49,"type":"binary-expr","locations":[{"start":{"line":49,"column":6},"end":{"line":49,"column":10}},{"start":{"line":49,"column":14},"end":{"line":49,"column":25}},{"start":{"line":49,"column":29},"end":{"line":49,"column":68}}]},"5":{"line":59,"type":"if","locations":[{"start":{"line":59,"column":2},"end":{"line":59,"column":2}},{"start":{"line":59,"column":2},"end":{"line":59,"column":2}}]},"6":{"line":60,"type":"binary-expr","locations":[{"start":{"line":60,"column":17},"end":{"line":60,"column":28}},{"start":{"line":60,"column":32},"end":{"line":60,"column":50}}]},"7":{"line":61,"type":"if","locations":[{"start":{"line":61,"column":4},"end":{"line":61,"column":4}},{"start":{"line":61,"column":4},"end":{"line":61,"column":4}}]},"8":{"line":65,"type":"if","locations":[{"start":{"line":65,"column":4},"end":{"line":65,"column":4}},{"start":{"line":65,"column":4},"end":{"line":65,"column":4}}]},"9":{"line":65,"type":"binary-expr","locations":[{"start":{"line":65,"column":8},"end":{"line":65,"column":19}},{"start":{"line":65,"column":23},"end":{"line":65,"column":42}}]}},"code":["/**!"," * koa-generic-session - lib/store.js"," * Copyright(c) 2014"," * MIT Licensed"," *"," * Authors:"," *   dead_horse <dead_horse@qq.com> (http://deadhorse.me)"," */","","'use strict';","","/**"," * Module dependencies."," */","","var util = require('util');","var EventEmitter = require('events').EventEmitter;","var debug = require('debug')('koa-generic-session:store');","var copy = require('copy-to');","","var defaultOptions = {","  prefix: 'koa:sess:'","};","","function Store(client, options) {","  this.client = client;","  this.options = {};","  copy(options).and(defaultOptions).to(this.options);","  EventEmitter.call(this);","","  // delegate client connect / disconnect event","  if (typeof client.on === 'function') {","    client.on('disconnect', this.emit.bind(this, 'disconnect'));","    client.on('connect', this.emit.bind(this, 'connect'));","  }","}","","util.inherits(Store, EventEmitter);","","Store.prototype.get = function *(sid) {","  var data;","  sid = this.options.prefix + sid;","  debug('GET %s', sid);","  data = yield this.client.get(sid);","  if (!data) {","    debug('GET empty');","    return null;","  }","  if (data && data.cookie && typeof data.cookie.expires === 'string') {","    // make sure data.cookie.expires is a Date","    data.cookie.expires = new Date(data.cookie.expires);","  }","  debug('GOT %j', data);","  return data;","};","","Store.prototype.set = function *(sid, sess) {","  var ttl = this.options.ttl;","  if (!ttl) {","    var maxAge = sess.cookie && sess.cookie.maxAge;","    if (typeof maxAge === 'number') {","      ttl = maxAge;","    }","    // if has cookie.expires, ignore cookie.maxAge","    if (sess.cookie && sess.cookie.expires) {","      ttl = Math.ceil(sess.cookie.expires.getTime() - Date.now());","    }","  }","","  sid = this.options.prefix + sid;","  debug('SET key: %s, value: %s, ttl: %d', sid, sess, ttl);","  yield this.client.set(sid, sess, ttl);","  debug('SET complete');","};","","Store.prototype.destroy = function *(sid) {","  sid = this.options.prefix + sid;","  debug('DEL %s', sid);","  yield this.client.destroy(sid);","  debug('DEL %s complete', sid);","};","","module.exports = Store;",""],"l":{"16":1,"17":1,"18":1,"19":1,"21":1,"25":1,"26":0,"27":0,"28":0,"29":0,"32":0,"33":0,"34":0,"38":1,"40":1,"41":0,"42":0,"43":0,"44":0,"45":0,"46":0,"47":0,"49":0,"51":0,"53":0,"54":0,"57":1,"58":0,"59":0,"60":0,"61":0,"62":0,"65":0,"66":0,"70":0,"71":0,"72":0,"73":0,"76":1,"77":0,"78":0,"79":0,"80":0,"83":1}}}